2024-07-21 17:14:27   Arguments: Namespace(aggregation='g2m', backbone='dinov2_vitb14', ca_method='gem', clusters=64, dataset_name='msls', datasets_folder='/root/autodl-tmp', efficient_ram_testing=False, epochs_num=8, features_dim=1024, infer_batch_size=64, linear_dim=256, lr=1.2e-05, num_hiddens=64, num_preds_to_save=0, num_workers=16, patience=3, pca_dataset_folder='pitts30k/images/train', pca_dim=None, queries_name=None, recall_values=[1, 5, 10, 100], resize=[322, 322], resize_test_imgs=True, resume='logs/dinov2_vitb14_g2m/gsv_cities/1024/best_model.pth', save_dir='logs/dinov2_vitb14_g2m/gsv_cities/2024-07-21_17-14-27', save_only_wrong_preds=False, seed=0, train_batch_size=64, trainable_layers='8, 9, 10, 11', use_amp16=True, use_ca=True, use_cls=False, use_extra_datasets=True, use_linear=False, use_lora=False, val_positive_dist_threshold=25)
2024-07-21 17:14:27   The outputs are being saved in logs/dinov2_vitb14_g2m/gsv_cities/2024-07-21_17-14-27
2024-07-21 17:14:27   Using 2 GPUs
2024-07-21 17:14:27   Val set: < BaseDataset, msls - #database: 18871; #queries: 740 >
2024-07-21 17:14:27   using MLP layer as FFN
2024-07-21 17:14:29   trainable params: 29244226 || all params: 87467074 || trainable%: 33.43
2024-07-21 17:14:29   module.backbone.model.blocks.8.norm1.weight, module.backbone.model.blocks.8.attn.q.weight, module.backbone.model.blocks.8.attn.k.weight, module.backbone.model.blocks.8.attn.v.weight, module.backbone.model.blocks.8.attn.proj.weight, module.backbone.model.blocks.8.ls1.gamma, module.backbone.model.blocks.8.norm2.weight, module.backbone.model.blocks.8.mlp.fc1.weight, module.backbone.model.blocks.8.mlp.fc2.weight, module.backbone.model.blocks.8.ls2.gamma, module.backbone.model.blocks.9.norm1.weight, module.backbone.model.blocks.9.attn.q.weight, module.backbone.model.blocks.9.attn.k.weight, module.backbone.model.blocks.9.attn.v.weight, module.backbone.model.blocks.9.attn.proj.weight, module.backbone.model.blocks.9.ls1.gamma, module.backbone.model.blocks.9.norm2.weight, module.backbone.model.blocks.9.mlp.fc1.weight, module.backbone.model.blocks.9.mlp.fc2.weight, module.backbone.model.blocks.9.ls2.gamma, module.backbone.model.blocks.10.norm1.weight, module.backbone.model.blocks.10.attn.q.weight, module.backbone.model.blocks.10.attn.k.weight, module.backbone.model.blocks.10.attn.v.weight, module.backbone.model.blocks.10.attn.proj.weight, module.backbone.model.blocks.10.ls1.gamma, module.backbone.model.blocks.10.norm2.weight, module.backbone.model.blocks.10.mlp.fc1.weight, module.backbone.model.blocks.10.mlp.fc2.weight, module.backbone.model.blocks.10.ls2.gamma, module.backbone.model.blocks.11.norm1.weight, module.backbone.model.blocks.11.attn.q.weight, module.backbone.model.blocks.11.attn.k.weight, module.backbone.model.blocks.11.attn.v.weight, module.backbone.model.blocks.11.attn.proj.weight, module.backbone.model.blocks.11.ls1.gamma, module.backbone.model.blocks.11.norm2.weight, module.backbone.model.blocks.11.mlp.fc1.weight, module.backbone.model.blocks.11.mlp.fc2.weight, module.backbone.model.blocks.11.ls2.gamma, module.aggregation.gem.p, module.aggregation.channel_attention.channel_attention.0.p, module.aggregation.channel_attention.channel_attention.2.weight, module.aggregation.channel_attention.channel_attention.4.weight, module.aggregation.feat_proj.0.weight
2024-07-21 17:14:29   Resuming from epoch 4 with best recall@1 92.2
2024-07-21 17:14:29   Start training epoch: 04
2024-07-21 17:33:03   Finished epoch 04 in 0:18:24, average epoch loss = 0.1341
2024-07-21 17:34:33   Recalls on val set < BaseDataset, msls - #database: 18871; #queries: 740 >: R@1: 91.49, R@5: 96.89, R@10: 97.43, R@100: 98.78
2024-07-21 17:34:33   Not improved: 1 / 3: best R@1 = 92.2, current R@1 = 91.5
2024-07-21 17:34:33   Start training epoch: 05
2024-07-21 17:53:02   Finished epoch 05 in 0:18:19, average epoch loss = 0.1104
2024-07-21 17:54:32   Recalls on val set < BaseDataset, msls - #database: 18871; #queries: 740 >: R@1: 92.03, R@5: 96.89, R@10: 97.30, R@100: 98.92
2024-07-21 17:54:32   Not improved: 2 / 3: best R@1 = 92.2, current R@1 = 92.0
2024-07-21 17:54:33   Start training epoch: 06
2024-07-21 18:13:01   Finished epoch 06 in 0:18:19, average epoch loss = 0.0915
2024-07-21 18:14:30   Recalls on val set < BaseDataset, msls - #database: 18871; #queries: 740 >: R@1: 92.57, R@5: 96.89, R@10: 97.30, R@100: 98.78
2024-07-21 18:14:30   Improved: previous best R@1 = 92.2, current R@1 = 92.6
2024-07-21 18:14:31   Start training epoch: 07
2024-07-21 18:32:59   Finished epoch 07 in 0:18:18, average epoch loss = 0.0824
2024-07-21 18:34:28   Recalls on val set < BaseDataset, msls - #database: 18871; #queries: 740 >: R@1: 91.89, R@5: 96.89, R@10: 97.16, R@100: 98.92
2024-07-21 18:34:28   Not improved: 1 / 3: best R@1 = 92.6, current R@1 = 91.9
2024-07-21 18:34:29   Best R@1: 92.6
2024-07-21 18:34:29   Trained for 08 epochs, in total in 1:20:01
2024-07-21 18:34:29   using MLP layer as FFN
2024-07-21 18:34:31   Test set: < BaseDataset, pitts30k - #database: 10000; #queries: 6816 >
2024-07-21 18:36:36   Recalls on < BaseDataset, pitts30k - #database: 10000; #queries: 6816 >: R@1: 92.63, R@5: 97.05, R@10: 97.86, R@100: 99.46
2024-07-21 18:36:36   Finished in 1:22:08
2024-07-21 18:36:36   Test set: < BaseDataset, sf_xl - #database: 8015; #queries: 7993 >
2024-07-21 18:38:17   Recalls on < BaseDataset, sf_xl - #database: 8015; #queries: 7993 >: R@1: 94.43, R@5: 97.77, R@10: 98.45, R@100: 99.60
2024-07-21 18:38:17   Finished in 1:23:49
