2024-07-10 14:44:10   Arguments: Namespace(aggregation='netvlad', backbone='dinov2_vitb14', ca_method='gem', clusters=64, dataset_name='msls', datasets_folder='/root/autodl-tmp', efficient_ram_testing=False, epochs_num=5, features_dim=768, infer_batch_size=64, linear_dim=128, lr=6e-05, num_hiddens=3, num_preds_to_save=0, num_workers=16, patience=10, pca_dataset_folder=None, pca_dim=None, queries_name=None, recall_values=[1, 5, 10, 100], resize=[224, 224], resize_test_imgs=True, resume=None, save_dir='logs/dinov2_vitb14_netvlad/gsv_cities/2024-07-10_14-44-10', save_only_wrong_preds=False, seed=0, train_batch_size=64, trainable_layers='8, 9, 10, 11', use_amp16=True, use_ca=False, use_cls=False, use_extra_datasets=True, use_linear=True, use_lora=False, val_positive_dist_threshold=25)
2024-07-10 14:44:10   The outputs are being saved in logs/dinov2_vitb14_netvlad/gsv_cities/2024-07-10_14-44-10
2024-07-10 14:44:10   Using 4 GPUs
2024-07-10 14:44:10   Val set: < BaseDataset, msls - #database: 18871; #queries: 740 >
2024-07-10 14:44:10   using MLP layer as FFN
2024-07-10 14:44:22   trainable params: 28554368 || all params: 86777216 || trainable%: 32.91
2024-07-10 14:44:22   module.backbone.model.blocks.8.norm1.weight, module.backbone.model.blocks.8.attn.q.weight, module.backbone.model.blocks.8.attn.k.weight, module.backbone.model.blocks.8.attn.v.weight, module.backbone.model.blocks.8.attn.proj.weight, module.backbone.model.blocks.8.ls1.gamma, module.backbone.model.blocks.8.norm2.weight, module.backbone.model.blocks.8.mlp.fc1.weight, module.backbone.model.blocks.8.mlp.fc2.weight, module.backbone.model.blocks.8.ls2.gamma, module.backbone.model.blocks.9.norm1.weight, module.backbone.model.blocks.9.attn.q.weight, module.backbone.model.blocks.9.attn.k.weight, module.backbone.model.blocks.9.attn.v.weight, module.backbone.model.blocks.9.attn.proj.weight, module.backbone.model.blocks.9.ls1.gamma, module.backbone.model.blocks.9.norm2.weight, module.backbone.model.blocks.9.mlp.fc1.weight, module.backbone.model.blocks.9.mlp.fc2.weight, module.backbone.model.blocks.9.ls2.gamma, module.backbone.model.blocks.10.norm1.weight, module.backbone.model.blocks.10.attn.q.weight, module.backbone.model.blocks.10.attn.k.weight, module.backbone.model.blocks.10.attn.v.weight, module.backbone.model.blocks.10.attn.proj.weight, module.backbone.model.blocks.10.ls1.gamma, module.backbone.model.blocks.10.norm2.weight, module.backbone.model.blocks.10.mlp.fc1.weight, module.backbone.model.blocks.10.mlp.fc2.weight, module.backbone.model.blocks.10.ls2.gamma, module.backbone.model.blocks.11.norm1.weight, module.backbone.model.blocks.11.attn.q.weight, module.backbone.model.blocks.11.attn.k.weight, module.backbone.model.blocks.11.attn.v.weight, module.backbone.model.blocks.11.attn.proj.weight, module.backbone.model.blocks.11.ls1.gamma, module.backbone.model.blocks.11.norm2.weight, module.backbone.model.blocks.11.mlp.fc1.weight, module.backbone.model.blocks.11.mlp.fc2.weight, module.backbone.model.blocks.11.ls2.gamma, module.aggregation.centroids, module.aggregation.conv.weight, module.aggregation.feat_proj.weight
2024-07-10 14:44:22   Start training epoch: 00
2024-07-10 14:55:52   Finished epoch 00 in 0:11:21, average epoch loss = 0.4175
2024-07-10 14:56:59   Recalls on val set < BaseDataset, msls - #database: 18871; #queries: 740 >: R@1: 93.24, R@5: 96.76, R@10: 97.30, R@100: 98.65
2024-07-10 14:56:59   Improved: previous best R@1 = 0.0, current R@1 = 93.2
2024-07-10 14:57:00   Start training epoch: 01
2024-07-10 15:08:25   Finished epoch 01 in 0:11:16, average epoch loss = 0.3158
2024-07-10 15:09:33   Recalls on val set < BaseDataset, msls - #database: 18871; #queries: 740 >: R@1: 93.11, R@5: 97.03, R@10: 97.57, R@100: 99.05
2024-07-10 15:09:33   Not improved: 1 / 10: best R@1 = 93.2, current R@1 = 93.1
2024-07-10 15:09:33   Start training epoch: 02
2024-07-10 15:20:59   Finished epoch 02 in 0:11:17, average epoch loss = 0.2724
2024-07-10 15:22:07   Recalls on val set < BaseDataset, msls - #database: 18871; #queries: 740 >: R@1: 93.78, R@5: 97.30, R@10: 97.57, R@100: 98.92
2024-07-10 15:22:07   Improved: previous best R@1 = 93.2, current R@1 = 93.8
2024-07-10 15:22:07   Start training epoch: 03
2024-07-10 15:33:34   Finished epoch 03 in 0:11:17, average epoch loss = 0.2396
2024-07-10 15:34:42   Recalls on val set < BaseDataset, msls - #database: 18871; #queries: 740 >: R@1: 93.24, R@5: 97.30, R@10: 97.57, R@100: 98.92
2024-07-10 15:34:42   Not improved: 1 / 10: best R@1 = 93.8, current R@1 = 93.2
2024-07-10 15:34:42   Start training epoch: 04
2024-07-10 15:46:09   Finished epoch 04 in 0:11:18, average epoch loss = 0.2130
2024-07-10 15:47:17   Recalls on val set < BaseDataset, msls - #database: 18871; #queries: 740 >: R@1: 93.38, R@5: 97.30, R@10: 97.43, R@100: 99.19
2024-07-10 15:47:17   Not improved: 2 / 10: best R@1 = 93.8, current R@1 = 93.4
2024-07-10 15:47:17   Best R@1: 93.8
2024-07-10 15:47:17   Trained for 05 epochs, in total in 1:03:07
2024-07-10 15:47:17   using MLP layer as FFN
2024-07-10 15:47:19   Test set: < BaseDataset, pitts30k - #database: 10000; #queries: 6816 >
2024-07-10 15:49:05   Recalls on < BaseDataset, pitts30k - #database: 10000; #queries: 6816 >: R@1: 93.05, R@5: 97.14, R@10: 98.25, R@100: 99.55
2024-07-10 15:49:05   Finished in 1:04:55
2024-07-10 15:49:05   Test set: < BaseDataset, sf_xl - #database: 8015; #queries: 7993 >
2024-07-10 15:50:35   Recalls on < BaseDataset, sf_xl - #database: 8015; #queries: 7993 >: R@1: 96.40, R@5: 98.56, R@10: 98.91, R@100: 99.70
2024-07-10 15:50:35   Finished in 1:06:25
