2024-07-21 00:19:46   Arguments: Namespace(aggregation='g2m', backbone='dinov2_vitb14', ca_method='gem', clusters=64, dataset_name='msls', datasets_folder='/root/autodl-tmp', efficient_ram_testing=False, epochs_num=5, features_dim=4096, infer_batch_size=64, linear_dim=256, lr=6e-05, num_hiddens=64, num_preds_to_save=0, num_workers=16, patience=3, pca_dataset_folder='pitts30k/images/train', pca_dim=None, queries_name=None, recall_values=[1, 5, 10, 100], resize=[322, 322], resize_test_imgs=True, resume=None, save_dir='logs/dinov2_vitb14_g2m/gsv_cities/2024-07-21_00-19-46', save_only_wrong_preds=False, seed=0, train_batch_size=64, trainable_layers='8, 9, 10, 11', use_amp16=True, use_ca=True, use_cls=False, use_extra_datasets=True, use_linear=False, use_lora=False, val_positive_dist_threshold=25)
2024-07-21 00:19:46   The outputs are being saved in logs/dinov2_vitb14_g2m/gsv_cities/2024-07-21_00-19-46
2024-07-21 00:19:46   Using 2 GPUs
2024-07-21 00:19:46   Loading gsv_cities and msls from folder /root/autodl-tmp
2024-07-21 00:19:46   Val set: < BaseDataset, msls - #database: 18871; #queries: 740 >
2024-07-21 00:19:46   using MLP layer as FFN
2024-07-21 00:19:48   trainable params: 31606594 || all params: 89829442 || trainable%: 35.19
2024-07-21 00:19:48   module.backbone.model.blocks.8.norm1.weight, module.backbone.model.blocks.8.attn.q.weight, module.backbone.model.blocks.8.attn.k.weight, module.backbone.model.blocks.8.attn.v.weight, module.backbone.model.blocks.8.attn.proj.weight, module.backbone.model.blocks.8.ls1.gamma, module.backbone.model.blocks.8.norm2.weight, module.backbone.model.blocks.8.mlp.fc1.weight, module.backbone.model.blocks.8.mlp.fc2.weight, module.backbone.model.blocks.8.ls2.gamma, module.backbone.model.blocks.9.norm1.weight, module.backbone.model.blocks.9.attn.q.weight, module.backbone.model.blocks.9.attn.k.weight, module.backbone.model.blocks.9.attn.v.weight, module.backbone.model.blocks.9.attn.proj.weight, module.backbone.model.blocks.9.ls1.gamma, module.backbone.model.blocks.9.norm2.weight, module.backbone.model.blocks.9.mlp.fc1.weight, module.backbone.model.blocks.9.mlp.fc2.weight, module.backbone.model.blocks.9.ls2.gamma, module.backbone.model.blocks.10.norm1.weight, module.backbone.model.blocks.10.attn.q.weight, module.backbone.model.blocks.10.attn.k.weight, module.backbone.model.blocks.10.attn.v.weight, module.backbone.model.blocks.10.attn.proj.weight, module.backbone.model.blocks.10.ls1.gamma, module.backbone.model.blocks.10.norm2.weight, module.backbone.model.blocks.10.mlp.fc1.weight, module.backbone.model.blocks.10.mlp.fc2.weight, module.backbone.model.blocks.10.ls2.gamma, module.backbone.model.blocks.11.norm1.weight, module.backbone.model.blocks.11.attn.q.weight, module.backbone.model.blocks.11.attn.k.weight, module.backbone.model.blocks.11.attn.v.weight, module.backbone.model.blocks.11.attn.proj.weight, module.backbone.model.blocks.11.ls1.gamma, module.backbone.model.blocks.11.norm2.weight, module.backbone.model.blocks.11.mlp.fc1.weight, module.backbone.model.blocks.11.mlp.fc2.weight, module.backbone.model.blocks.11.ls2.gamma, module.aggregation.gem.p, module.aggregation.channel_attention.channel_attention.0.p, module.aggregation.channel_attention.channel_attention.2.weight, module.aggregation.channel_attention.channel_attention.4.weight, module.aggregation.feat_proj.0.weight
2024-07-21 00:19:48   Start training epoch: 00
2024-07-21 00:38:33   Finished epoch 00 in 0:18:34, average epoch loss = 0.3948
2024-07-21 00:38:33   Extracting database features for evaluation/testing
2024-07-21 00:39:59   Extracting queries features for evaluation/testing
2024-07-21 00:40:05   Calculating recalls
2024-07-21 00:40:07   Recalls on val set < BaseDataset, msls - #database: 18871; #queries: 740 >: R@1: 89.32, R@5: 95.68, R@10: 96.35, R@100: 98.24
2024-07-21 00:40:07   Improved: previous best R@1 = 0.0, current R@1 = 89.3
2024-07-21 00:40:08   Start training epoch: 01
2024-07-21 00:58:48   Finished epoch 01 in 0:18:30, average epoch loss = 0.2879
2024-07-21 00:58:48   Extracting database features for evaluation/testing
2024-07-21 01:00:13   Extracting queries features for evaluation/testing
2024-07-21 01:00:19   Calculating recalls
2024-07-21 01:00:21   Recalls on val set < BaseDataset, msls - #database: 18871; #queries: 740 >: R@1: 90.68, R@5: 96.62, R@10: 97.16, R@100: 98.78
2024-07-21 01:00:21   Improved: previous best R@1 = 89.3, current R@1 = 90.7
2024-07-21 01:00:22   Start training epoch: 02
2024-07-21 01:19:01   Finished epoch 02 in 0:18:30, average epoch loss = 0.2344
2024-07-21 01:19:01   Extracting database features for evaluation/testing
2024-07-21 01:20:26   Extracting queries features for evaluation/testing
2024-07-21 01:20:31   Calculating recalls
2024-07-21 01:20:34   Recalls on val set < BaseDataset, msls - #database: 18871; #queries: 740 >: R@1: 91.35, R@5: 96.35, R@10: 97.30, R@100: 98.78
2024-07-21 01:20:34   Improved: previous best R@1 = 90.7, current R@1 = 91.4
2024-07-21 01:20:35   Start training epoch: 03
2024-07-21 01:39:13   Finished epoch 03 in 0:18:29, average epoch loss = 0.1948
2024-07-21 01:39:13   Extracting database features for evaluation/testing
2024-07-21 01:40:38   Extracting queries features for evaluation/testing
2024-07-21 01:40:43   Calculating recalls
2024-07-21 01:40:46   Recalls on val set < BaseDataset, msls - #database: 18871; #queries: 740 >: R@1: 91.76, R@5: 96.76, R@10: 97.30, R@100: 98.65
2024-07-21 01:40:46   Improved: previous best R@1 = 91.4, current R@1 = 91.8
2024-07-21 01:40:47   Start training epoch: 04
2024-07-21 01:59:25   Finished epoch 04 in 0:18:29, average epoch loss = 0.1603
2024-07-21 01:59:25   Extracting database features for evaluation/testing
2024-07-21 02:00:50   Extracting queries features for evaluation/testing
2024-07-21 02:00:56   Calculating recalls
2024-07-21 02:00:58   Recalls on val set < BaseDataset, msls - #database: 18871; #queries: 740 >: R@1: 93.24, R@5: 96.76, R@10: 97.57, R@100: 98.92
2024-07-21 02:00:58   Improved: previous best R@1 = 91.8, current R@1 = 93.2
2024-07-21 02:00:59   Best R@1: 93.2
2024-07-21 02:00:59   Trained for 05 epochs, in total in 1:41:13
2024-07-21 02:00:59   using MLP layer as FFN
2024-07-21 02:01:01   Test set: < BaseDataset, pitts30k - #database: 10000; #queries: 6816 >
2024-07-21 02:01:01   Extracting database features for evaluation/testing
2024-07-21 02:02:14   Extracting queries features for evaluation/testing
2024-07-21 02:03:05   Calculating recalls
2024-07-21 02:03:17   Recalls on < BaseDataset, pitts30k - #database: 10000; #queries: 6816 >: R@1: 92.02, R@5: 96.48, R@10: 97.55, R@100: 99.37
2024-07-21 02:03:17   Finished in 1:43:31
2024-07-21 02:03:18   Test set: < BaseDataset, sf_xl - #database: 8015; #queries: 7993 >
2024-07-21 02:03:18   Extracting database features for evaluation/testing
2024-07-21 02:04:07   Extracting queries features for evaluation/testing
2024-07-21 02:04:58   Calculating recalls
2024-07-21 02:05:10   Recalls on < BaseDataset, sf_xl - #database: 8015; #queries: 7993 >: R@1: 94.36, R@5: 97.70, R@10: 98.31, R@100: 99.56
2024-07-21 02:05:10   Finished in 1:45:23
