2024-07-06 20:19:32   Arguments: Namespace(aggregation='g2m', backbone='dinov2_vitb14', ca_method='cba', clusters=64, dataset_name='msls', datasets_folder='/root/autodl-tmp', epochs_num=5, features_dim=768, infer_batch_size=64, linear_dim=256, lr=6e-05, num_hiddens=64, num_preds_to_save=0, num_workers=16, patience=10, pca_dataset_folder=None, pca_dim=None, queries_name=None, recall_values=[1, 5, 10, 100], resize=[224, 224], resize_test_imgs=True, resume=None, save_dir='logs/dinov2_vitb14_g2m/gsv_cities/2024-07-06_20-19-32', save_only_wrong_preds=False, seed=0, train_batch_size=64, trainable_layers='8, 9, 10, 11', use_amp16=True, use_ca=True, use_cls=False, use_extra_datasets=False, use_lora=False, val_positive_dist_threshold=25)
2024-07-06 20:19:32   The outputs are being saved in logs/dinov2_vitb14_g2m/gsv_cities/2024-07-06_20-19-32
2024-07-06 20:19:32   Using 1 GPUs
2024-07-06 20:19:32   Val set: < BaseDataset, msls - #database: 18871; #queries: 740 >
2024-07-06 20:19:32   using MLP layer as FFN
2024-07-06 20:19:34   trainable params: 29046529 || all params: 87269377 || trainable%: 33.28
2024-07-06 20:19:34   Start training epoch: 00
2024-07-06 20:24:13   Finished epoch 00 in 0:04:38, average epoch loss = 0.4428
2024-07-06 20:26:41   Recalls on val set < BaseDataset, msls - #database: 18871; #queries: 740 >: R@1: 87.3, R@5: 94.1, R@10: 94.7, R@100: 98.2
2024-07-06 20:26:41   Improved: previous best R@1 = 0.0, current R@1 = 87.3
2024-07-06 20:26:42   Start training epoch: 01
2024-07-06 20:31:19   Finished epoch 01 in 0:04:37, average epoch loss = 0.3057
2024-07-06 20:33:47   Recalls on val set < BaseDataset, msls - #database: 18871; #queries: 740 >: R@1: 88.6, R@5: 94.6, R@10: 95.8, R@100: 98.1
2024-07-06 20:33:47   Improved: previous best R@1 = 87.3, current R@1 = 88.6
2024-07-06 20:33:48   Start training epoch: 02
2024-07-06 20:38:25   Finished epoch 02 in 0:04:37, average epoch loss = 0.2443
2024-07-06 20:40:54   Recalls on val set < BaseDataset, msls - #database: 18871; #queries: 740 >: R@1: 88.6, R@5: 95.0, R@10: 95.8, R@100: 97.7
2024-07-06 20:40:54   Not improved: 1 / 10: best R@1 = 88.6, current R@1 = 88.6
2024-07-06 20:40:54   Start training epoch: 03
2024-07-06 20:45:31   Finished epoch 03 in 0:04:37, average epoch loss = 0.2036
2024-07-06 20:48:00   Recalls on val set < BaseDataset, msls - #database: 18871; #queries: 740 >: R@1: 89.2, R@5: 95.1, R@10: 95.9, R@100: 97.8
2024-07-06 20:48:00   Improved: previous best R@1 = 88.6, current R@1 = 89.2
2024-07-06 20:48:01   Start training epoch: 04
2024-07-06 20:52:38   Finished epoch 04 in 0:04:37, average epoch loss = 0.1738
2024-07-06 20:55:06   Recalls on val set < BaseDataset, msls - #database: 18871; #queries: 740 >: R@1: 90.1, R@5: 95.4, R@10: 96.1, R@100: 98.2
2024-07-06 20:55:06   Improved: previous best R@1 = 89.2, current R@1 = 90.1
2024-07-06 20:55:07   Best R@1: 90.1
2024-07-06 20:55:07   Trained for 05 epochs, in total in 0:35:34
2024-07-06 20:55:07   using MLP layer as FFN
2024-07-06 20:55:08   Test set: < BaseDataset, pitts30k - #database: 10000; #queries: 6816 >
2024-07-06 20:58:47   Recalls on < BaseDataset, pitts30k - #database: 10000; #queries: 6816 >: R@1: 91.6, R@5: 96.2, R@10: 97.2, R@100: 99.1
2024-07-06 20:58:47   Finished in 0:39:15
