2024-07-11 02:09:21   Arguments: Namespace(aggregation='netvlad', backbone='dinov2_vitb14', ca_method='gem', clusters=64, dataset_name='msls', datasets_folder='/root/autodl-tmp', efficient_ram_testing=False, epochs_num=5, features_dim=768, infer_batch_size=64, linear_dim=128, lr=1.2e-05, num_hiddens=3, num_preds_to_save=0, num_workers=16, patience=10, pca_dataset_folder=None, pca_dim=None, queries_name=None, recall_values=[1, 5, 10, 100], resize=[224, 224], resize_test_imgs=True, resume='logs/dinov2_vitb14_netvlad/gsv_cities/k64_GPMS/best_model.pth', save_dir='logs/dinov2_vitb14_netvlad/gsv_cities/2024-07-11_02-09-21', save_only_wrong_preds=False, seed=0, train_batch_size=64, trainable_layers='8, 9, 10, 11', use_amp16=True, use_ca=False, use_cls=False, use_extra_datasets=True, use_linear=True, use_lora=False, val_positive_dist_threshold=25)
2024-07-11 02:09:21   The outputs are being saved in logs/dinov2_vitb14_netvlad/gsv_cities/2024-07-11_02-09-21
2024-07-11 02:09:21   Using 2 GPUs
2024-07-11 02:09:21   Val set: < BaseDataset, msls - #database: 18871; #queries: 740 >
2024-07-11 02:09:21   using MLP layer as FFN
2024-07-11 02:09:23   Linear as Learned PCA
2024-07-11 02:09:23   trainable params: 459392 || all params: 87138176 || trainable%: 0.53
2024-07-11 02:09:23   module.aggregation.feat_proj.0.weight, module.aggregation.feat_proj.2.weight
2024-07-11 02:09:23   Resuming from epoch 1 with best recall@1 94.6
2024-07-11 02:09:23   Start training epoch: 01
2024-07-11 02:19:01   Finished epoch 01 in 0:09:27, average epoch loss = 0.4408
2024-07-11 02:20:59   Recalls on val set < BaseDataset, msls - #database: 18871; #queries: 740 >: R@1: 93.11, R@5: 97.16, R@10: 97.57, R@100: 98.92
2024-07-11 02:20:59   Improved: previous best R@1 = 0.0, current R@1 = 93.1
2024-07-11 02:20:59   Start training epoch: 02
2024-07-11 02:30:31   Finished epoch 02 in 0:09:23, average epoch loss = 0.3236
2024-07-11 02:32:29   Recalls on val set < BaseDataset, msls - #database: 18871; #queries: 740 >: R@1: 93.38, R@5: 97.16, R@10: 97.57, R@100: 98.92
2024-07-11 02:32:29   Improved: previous best R@1 = 93.1, current R@1 = 93.4
2024-07-11 02:32:29   Start training epoch: 03
2024-07-11 02:42:01   Finished epoch 03 in 0:09:23, average epoch loss = 0.3165
2024-07-11 02:43:59   Recalls on val set < BaseDataset, msls - #database: 18871; #queries: 740 >: R@1: 93.78, R@5: 97.16, R@10: 97.57, R@100: 99.05
2024-07-11 02:43:59   Improved: previous best R@1 = 93.4, current R@1 = 93.8
2024-07-11 02:43:59   Start training epoch: 04
2024-07-11 02:53:32   Finished epoch 04 in 0:09:24, average epoch loss = 0.3137
2024-07-11 02:55:29   Recalls on val set < BaseDataset, msls - #database: 18871; #queries: 740 >: R@1: 93.65, R@5: 97.16, R@10: 97.70, R@100: 99.05
2024-07-11 02:55:29   Not improved: 1 / 10: best R@1 = 93.8, current R@1 = 93.6
2024-07-11 02:55:30   Best R@1: 93.8
2024-07-11 02:55:30   Trained for 05 epochs, in total in 0:46:08
2024-07-11 02:55:30   using MLP layer as FFN
2024-07-11 02:55:31   Test set: < BaseDataset, pitts30k - #database: 10000; #queries: 6816 >
2024-07-11 03:00:32   Recalls on < BaseDataset, pitts30k - #database: 10000; #queries: 6816 >: R@1: 93.03, R@5: 97.24, R@10: 97.96, R@100: 99.33
2024-07-11 03:00:32   Finished in 0:51:11
2024-07-11 03:00:32   Test set: < BaseDataset, sf_xl - #database: 8015; #queries: 7993 >
2024-07-11 03:06:01   Recalls on < BaseDataset, sf_xl - #database: 8015; #queries: 7993 >: R@1: 95.67, R@5: 98.15, R@10: 98.55, R@100: 99.51
2024-07-11 03:06:01   Finished in 0:56:40
