2024-07-06 23:09:08   Arguments: Namespace(aggregation='g2m', backbone='dinov2_vitb14', ca_method='gem', clusters=64, dataset_name='msls', datasets_folder='/root/autodl-tmp', epochs_num=5, features_dim=768, infer_batch_size=64, linear_dim=256, lr=6e-05, num_hiddens=32, num_preds_to_save=0, num_workers=16, patience=10, pca_dataset_folder=None, pca_dim=None, queries_name=None, recall_values=[1, 5, 10, 100], resize=[224, 224], resize_test_imgs=True, resume=None, save_dir='logs/dinov2_vitb14_g2m/gsv_cities/2024-07-06_23-09-08', save_only_wrong_preds=False, seed=0, train_batch_size=64, trainable_layers='8, 9, 10, 11', use_amp16=True, use_ca=True, use_cls=False, use_extra_datasets=False, use_lora=False, val_positive_dist_threshold=25)
2024-07-06 23:09:08   The outputs are being saved in logs/dinov2_vitb14_g2m/gsv_cities/2024-07-06_23-09-08
2024-07-06 23:09:08   Using 1 GPUs
2024-07-06 23:09:09   Val set: < BaseDataset, msls - #database: 18871; #queries: 740 >
2024-07-06 23:09:09   using MLP layer as FFN
2024-07-06 23:09:11   trainable params: 28998178 || all params: 87221026 || trainable%: 33.25
2024-07-06 23:09:11   Start training epoch: 00
2024-07-06 23:13:55   Finished epoch 00 in 0:04:44, average epoch loss = 0.4332
2024-07-06 23:16:27   Recalls on val set < BaseDataset, msls - #database: 18871; #queries: 740 >: R@1: 88.2, R@5: 95.1, R@10: 96.2, R@100: 97.8
2024-07-06 23:16:27   Improved: previous best R@1 = 0.0, current R@1 = 88.2
2024-07-06 23:16:28   Start training epoch: 01
2024-07-06 23:21:10   Finished epoch 01 in 0:04:42, average epoch loss = 0.2978
2024-07-06 23:23:41   Recalls on val set < BaseDataset, msls - #database: 18871; #queries: 740 >: R@1: 88.2, R@5: 95.0, R@10: 95.4, R@100: 98.1
2024-07-06 23:23:41   Not improved: 1 / 10: best R@1 = 88.2, current R@1 = 88.2
2024-07-06 23:23:41   Start training epoch: 02
2024-07-06 23:28:24   Finished epoch 02 in 0:04:42, average epoch loss = 0.2415
2024-07-06 23:30:56   Recalls on val set < BaseDataset, msls - #database: 18871; #queries: 740 >: R@1: 88.6, R@5: 95.4, R@10: 96.5, R@100: 98.2
2024-07-06 23:30:56   Improved: previous best R@1 = 88.2, current R@1 = 88.6
2024-07-06 23:30:56   Start training epoch: 03
2024-07-06 23:35:39   Finished epoch 03 in 0:04:42, average epoch loss = 0.1994
2024-07-06 23:38:11   Recalls on val set < BaseDataset, msls - #database: 18871; #queries: 740 >: R@1: 90.5, R@5: 94.9, R@10: 96.2, R@100: 98.4
2024-07-06 23:38:11   Improved: previous best R@1 = 88.6, current R@1 = 90.5
2024-07-06 23:38:12   Start training epoch: 04
2024-07-06 23:42:55   Finished epoch 04 in 0:04:43, average epoch loss = 0.1680
2024-07-06 23:45:27   Recalls on val set < BaseDataset, msls - #database: 18871; #queries: 740 >: R@1: 90.3, R@5: 95.5, R@10: 96.1, R@100: 98.5
2024-07-06 23:45:27   Not improved: 1 / 10: best R@1 = 90.5, current R@1 = 90.3
2024-07-06 23:45:27   Best R@1: 90.5
2024-07-06 23:45:27   Trained for 05 epochs, in total in 0:36:19
2024-07-06 23:45:27   using MLP layer as FFN
2024-07-06 23:45:29   Test set: < BaseDataset, pitts30k - #database: 10000; #queries: 6816 >
2024-07-06 23:49:13   Recalls on < BaseDataset, pitts30k - #database: 10000; #queries: 6816 >: R@1: 91.7, R@5: 96.6, R@10: 97.8, R@100: 99.4
2024-07-06 23:49:13   Finished in 0:40:04
