2024-07-21 18:40:17   Arguments: Namespace(aggregation='netvlad', backbone='dinov2_vitb14', ca_method='gem', clusters=64, dataset_name='msls', datasets_folder='/root/autodl-tmp', efficient_ram_testing=False, epochs_num=5, features_dim=768, infer_batch_size=64, linear_dim=32, lr=1.2e-05, num_hiddens=3, num_preds_to_save=0, num_workers=16, patience=3, pca_dataset_folder='pitts30k/images/train', pca_dim=None, queries_name=None, recall_values=[1, 5, 10, 100], resize=[322, 322], resize_test_imgs=True, resume='logs/dinov2_vitb14_netvlad/gsv_cities/k64_GPMS_322/best_model.pth', save_dir='logs/dinov2_vitb14_netvlad/gsv_cities/2024-07-21_18-40-17', save_only_wrong_preds=False, seed=0, train_batch_size=64, trainable_layers='8, 9, 10, 11', use_amp16=True, use_ca=False, use_cls=False, use_extra_datasets=True, use_linear=True, use_lora=False, val_positive_dist_threshold=25)
2024-07-21 18:40:17   The outputs are being saved in logs/dinov2_vitb14_netvlad/gsv_cities/2024-07-21_18-40-17
2024-07-21 18:40:17   Using 2 GPUs
2024-07-21 18:40:17   Loading gsv_cities and msls from folder /root/autodl-tmp
2024-07-21 18:40:17   Val set: < BaseDataset, msls - #database: 18871; #queries: 740 >
2024-07-21 18:40:17   using MLP layer as FFN
2024-07-21 18:40:18   Linear as Learned PCA and only fine-tuning linear.
2024-07-21 18:40:18   trainable params: 24608 || all params: 86703392 || trainable%: 0.03
2024-07-21 18:40:18   module.aggregation.feat_proj.weight
2024-07-21 18:40:18   Loading checkpoint: logs/dinov2_vitb14_netvlad/gsv_cities/k64_GPMS_322/best_model.pth
2024-07-21 18:40:19   Loaded checkpoint: start_epoch_num = 1, current_best_R@1 = 94.5
2024-07-21 18:40:19   Resuming from epoch 1 with best recall@1 94.5
2024-07-21 18:40:19   Start training epoch: 01
2024-07-21 18:56:16   Finished epoch 01 in 0:15:46, average epoch loss = 0.4727
2024-07-21 18:56:16   Extracting database features for evaluation/testing
2024-07-21 18:57:48   Extracting queries features for evaluation/testing
2024-07-21 18:57:54   Calculating recalls
2024-07-21 18:57:55   Recalls on val set < BaseDataset, msls - #database: 18871; #queries: 740 >: R@1: 92.43, R@5: 96.49, R@10: 97.16, R@100: 98.51
2024-07-21 18:57:55   Improved: previous best R@1 = 0.0, current R@1 = 92.4
2024-07-21 18:57:56   Start training epoch: 02
2024-07-21 19:13:46   Finished epoch 02 in 0:15:41, average epoch loss = 0.3734
2024-07-21 19:13:46   Extracting database features for evaluation/testing
2024-07-21 19:15:19   Extracting queries features for evaluation/testing
2024-07-21 19:15:25   Calculating recalls
2024-07-21 19:15:26   Recalls on val set < BaseDataset, msls - #database: 18871; #queries: 740 >: R@1: 93.11, R@5: 97.03, R@10: 97.30, R@100: 98.38
2024-07-21 19:15:26   Improved: previous best R@1 = 92.4, current R@1 = 93.1
2024-07-21 19:15:27   Start training epoch: 03
2024-07-21 19:31:17   Finished epoch 03 in 0:15:41, average epoch loss = 0.3626
2024-07-21 19:31:17   Extracting database features for evaluation/testing
2024-07-21 19:32:50   Extracting queries features for evaluation/testing
2024-07-21 19:32:55   Calculating recalls
2024-07-21 19:32:57   Recalls on val set < BaseDataset, msls - #database: 18871; #queries: 740 >: R@1: 92.97, R@5: 96.89, R@10: 97.30, R@100: 98.38
2024-07-21 19:32:57   Not improved: 1 / 3: best R@1 = 93.1, current R@1 = 93.0
2024-07-21 19:32:57   Start training epoch: 04
2024-07-21 19:48:48   Finished epoch 04 in 0:15:42, average epoch loss = 0.3561
2024-07-21 19:48:48   Extracting database features for evaluation/testing
2024-07-21 19:50:21   Extracting queries features for evaluation/testing
2024-07-21 19:50:27   Calculating recalls
2024-07-21 19:50:29   Recalls on val set < BaseDataset, msls - #database: 18871; #queries: 740 >: R@1: 92.70, R@5: 96.89, R@10: 97.16, R@100: 98.38
2024-07-21 19:50:29   Not improved: 2 / 3: best R@1 = 93.1, current R@1 = 92.7
2024-07-21 19:50:29   Best R@1: 93.1
2024-07-21 19:50:29   Trained for 05 epochs, in total in 1:10:12
2024-07-21 19:50:29   using MLP layer as FFN
2024-07-21 19:50:31   Test set: < BaseDataset, pitts30k - #database: 10000; #queries: 6816 >
2024-07-21 19:50:31   Extracting database features for evaluation/testing
2024-07-21 19:51:50   Extracting queries features for evaluation/testing
2024-07-21 19:52:45   Calculating recalls
2024-07-21 19:52:52   Recalls on < BaseDataset, pitts30k - #database: 10000; #queries: 6816 >: R@1: 92.53, R@5: 97.01, R@10: 97.93, R@100: 99.41
2024-07-21 19:52:52   Finished in 1:12:34
2024-07-21 19:52:52   Test set: < BaseDataset, sf_xl - #database: 8015; #queries: 7993 >
2024-07-21 19:52:52   Extracting database features for evaluation/testing
2024-07-21 19:53:46   Extracting queries features for evaluation/testing
2024-07-21 19:54:41   Calculating recalls
2024-07-21 19:54:47   Recalls on < BaseDataset, sf_xl - #database: 8015; #queries: 7993 >: R@1: 93.34, R@5: 96.71, R@10: 97.55, R@100: 99.16
2024-07-21 19:54:47   Finished in 1:14:30
