2024-07-06 22:26:54   Arguments: Namespace(aggregation='g2m', backbone='dinov2_vitb14', ca_method='gem', clusters=64, dataset_name='msls', datasets_folder='/root/autodl-tmp', epochs_num=5, features_dim=768, infer_batch_size=64, linear_dim=256, lr=6e-05, num_hiddens=128, num_preds_to_save=0, num_workers=16, patience=10, pca_dataset_folder=None, pca_dim=None, queries_name=None, recall_values=[1, 5, 10, 100], resize=[224, 224], resize_test_imgs=True, resume=None, save_dir='logs/dinov2_vitb14_g2m/gsv_cities/2024-07-06_22-26-54', save_only_wrong_preds=False, seed=0, train_batch_size=64, trainable_layers='8, 9, 10, 11', use_amp16=True, use_ca=True, use_cls=False, use_extra_datasets=False, use_lora=False, val_positive_dist_threshold=25)
2024-07-06 22:26:54   The outputs are being saved in logs/dinov2_vitb14_g2m/gsv_cities/2024-07-06_22-26-54
2024-07-06 22:26:54   Using 1 GPUs
2024-07-06 22:26:55   Val set: < BaseDataset, msls - #database: 18871; #queries: 740 >
2024-07-06 22:26:55   using MLP layer as FFN
2024-07-06 22:26:57   trainable params: 29145730 || all params: 87368578 || trainable%: 33.36
2024-07-06 22:26:57   Start training epoch: 00
2024-07-06 22:31:41   Finished epoch 00 in 0:04:43, average epoch loss = 0.4359
2024-07-06 22:34:11   Recalls on val set < BaseDataset, msls - #database: 18871; #queries: 740 >: R@1: 88.0, R@5: 94.7, R@10: 95.4, R@100: 98.2
2024-07-06 22:34:11   Improved: previous best R@1 = 0.0, current R@1 = 88.0
2024-07-06 22:34:11   Start training epoch: 01
2024-07-06 22:38:53   Finished epoch 01 in 0:04:42, average epoch loss = 0.2984
2024-07-06 22:41:24   Recalls on val set < BaseDataset, msls - #database: 18871; #queries: 740 >: R@1: 88.9, R@5: 95.5, R@10: 96.4, R@100: 98.2
2024-07-06 22:41:24   Improved: previous best R@1 = 88.0, current R@1 = 88.9
2024-07-06 22:41:25   Start training epoch: 02
2024-07-06 22:46:08   Finished epoch 02 in 0:04:43, average epoch loss = 0.2414
2024-07-06 22:48:39   Recalls on val set < BaseDataset, msls - #database: 18871; #queries: 740 >: R@1: 90.1, R@5: 95.5, R@10: 95.9, R@100: 98.1
2024-07-06 22:48:39   Improved: previous best R@1 = 88.9, current R@1 = 90.1
2024-07-06 22:48:40   Start training epoch: 03
2024-07-06 22:53:23   Finished epoch 03 in 0:04:43, average epoch loss = 0.1982
2024-07-06 22:55:55   Recalls on val set < BaseDataset, msls - #database: 18871; #queries: 740 >: R@1: 90.8, R@5: 95.9, R@10: 96.1, R@100: 98.4
2024-07-06 22:55:55   Improved: previous best R@1 = 90.1, current R@1 = 90.8
2024-07-06 22:55:55   Start training epoch: 04
2024-07-06 23:00:39   Finished epoch 04 in 0:04:43, average epoch loss = 0.1679
2024-07-06 23:03:10   Recalls on val set < BaseDataset, msls - #database: 18871; #queries: 740 >: R@1: 90.0, R@5: 95.5, R@10: 95.9, R@100: 98.1
2024-07-06 23:03:10   Not improved: 1 / 10: best R@1 = 90.8, current R@1 = 90.0
2024-07-06 23:03:10   Best R@1: 90.8
2024-07-06 23:03:10   Trained for 05 epochs, in total in 0:36:15
2024-07-06 23:03:10   using MLP layer as FFN
2024-07-06 23:03:12   Test set: < BaseDataset, pitts30k - #database: 10000; #queries: 6816 >
2024-07-06 23:06:54   Recalls on < BaseDataset, pitts30k - #database: 10000; #queries: 6816 >: R@1: 91.4, R@5: 96.4, R@10: 97.5, R@100: 99.3
2024-07-06 23:06:54   Finished in 0:39:59
