2024-07-07 02:40:26   Arguments: Namespace(aggregation='g2m', backbone='dinov2_vitb14', ca_method='gem', clusters=64, dataset_name='msls', datasets_folder='/root/autodl-tmp', epochs_num=4, features_dim=768, infer_batch_size=256, linear_dim=256, lr=1e-05, num_hiddens=64, num_preds_to_save=0, num_workers=16, patience=10, pca_dataset_folder=None, pca_dim=None, queries_name=None, recall_values=[1, 5, 10, 100], resize=[224, 224], resize_test_imgs=True, resume='logs/dinov2_vitb14_g2m/gsv_cities/G64/best_model.pth', save_dir='logs/dinov2_vitb14_g2m/gsv_cities/2024-07-07_02-40-26', save_only_wrong_preds=False, seed=0, train_batch_size=64, trainable_layers='8, 9, 10, 11', use_amp16=True, use_ca=True, use_cls=False, use_extra_datasets=True, use_lora=False, val_positive_dist_threshold=25)
2024-07-07 02:40:26   The outputs are being saved in logs/dinov2_vitb14_g2m/gsv_cities/2024-07-07_02-40-26
2024-07-07 02:40:26   Using 4 GPUs
2024-07-07 02:40:31   Val set: < BaseDataset, msls - #database: 18871; #queries: 740 >
2024-07-07 02:40:31   using MLP layer as FFN
2024-07-07 02:40:32   trainable params: 29047362 || all params: 87270210 || trainable%: 33.28
2024-07-07 02:40:32   Resuming from epoch 3 with best recall@1 90.4
2024-07-07 02:40:32   Start training epoch: 03
2024-07-07 02:45:12   Finished epoch 03 in 0:04:39, average epoch loss = 0.3801
2024-07-07 02:46:13   Recalls on val set < BaseDataset, msls - #database: 18871; #queries: 740 >: R@1: 91.49, R@5: 96.62, R@10: 96.76, R@100: 99.05
2024-07-07 02:46:13   Improved: previous best R@1 = 90.4, current R@1 = 91.5
2024-07-07 02:46:14   Best R@1: 91.5
2024-07-07 02:46:14   Trained for 04 epochs, in total in 0:05:47
2024-07-07 02:46:14   using MLP layer as FFN
2024-07-07 02:46:15   Test set: < BaseDataset, pitts30k - #database: 10000; #queries: 6816 >
2024-07-07 02:47:36   Recalls on < BaseDataset, pitts30k - #database: 10000; #queries: 6816 >: R@1: 92.30, R@5: 96.89, R@10: 97.68, R@100: 99.24
2024-07-07 02:47:36   Finished in 0:07:10
2024-07-07 02:47:37   Test set: < BaseDataset, sf_xl - #database: 8015; #queries: 7993 >
2024-07-07 02:48:40   Recalls on < BaseDataset, sf_xl - #database: 8015; #queries: 7993 >: R@1: 92.21, R@5: 96.46, R@10: 97.65, R@100: 99.31
2024-07-07 02:48:40   Finished in 0:08:14
