2024-07-05 02:17:54   Arguments: Namespace(aggregation='netvlad', backbone='dinov2_vitl14', ca_method='gem', clusters=64, dataset_name='msls', datasets_folder='/root/autodl-tmp', epochs_num=10, features_dim=768, infer_batch_size=256, linear_dim=256, lr=6e-05, num_hiddens=3, num_preds_to_save=0, num_workers=32, patience=10, pca_dataset_folder=None, pca_dim=None, queries_name=None, recall_values=[1, 5, 10, 100], resize=[224, 224], resize_test_imgs=True, resume=None, save_dir='logs/dinov2_vitl14_netvlad/gsv_cities/2024-07-05_02-17-54', save_only_wrong_preds=False, seed=0, train_batch_size=128, trainable_layers='19,20,21,22,23', use_amp16=True, use_ca=False, use_cls=False, use_extra_datasets=False, use_lora=False, val_positive_dist_threshold=25)
2024-07-05 02:17:54   The outputs are being saved in logs/dinov2_vitl14_netvlad/gsv_cities/2024-07-05_02-17-54
2024-07-05 02:17:54   Using 4 GPUs
2024-07-05 02:17:54   Val set: < BaseDataset, msls - #database: 18871; #queries: 740 >
2024-07-05 02:17:54   using MLP layer as FFN
2024-07-05 02:18:22   trainable params: 63122432 || all params: 304503808 || trainable%: 20.73
2024-07-05 02:18:22   Start training epoch: 00
2024-07-05 02:24:39   Finished epoch 00 in 0:06:16, average epoch loss = 0.5216
2024-07-05 02:28:07   Recalls on val set < BaseDataset, msls - #database: 18871; #queries: 740 >: R@1: 90.8, R@5: 96.5, R@10: 96.8, R@100: 98.5
2024-07-05 02:28:07   Improved: previous best R@1 = 0.0, current R@1 = 90.8
2024-07-05 02:28:08   Start training epoch: 01
2024-07-05 02:34:22   Finished epoch 01 in 0:06:13, average epoch loss = 0.3470
2024-07-05 02:37:41   Recalls on val set < BaseDataset, msls - #database: 18871; #queries: 740 >: R@1: 91.9, R@5: 96.8, R@10: 97.2, R@100: 98.9
2024-07-05 02:37:41   Improved: previous best R@1 = 90.8, current R@1 = 91.9
2024-07-05 02:37:43   Start training epoch: 02
2024-07-05 02:43:55   Finished epoch 02 in 0:06:12, average epoch loss = 0.2917
2024-07-05 02:47:11   Recalls on val set < BaseDataset, msls - #database: 18871; #queries: 740 >: R@1: 91.9, R@5: 97.2, R@10: 97.2, R@100: 98.6
2024-07-05 02:47:11   Not improved: 1 / 10: best R@1 = 91.9, current R@1 = 91.9
2024-07-05 02:47:12   Start training epoch: 03
2024-07-05 02:53:26   Finished epoch 03 in 0:06:13, average epoch loss = 0.2581
2024-07-05 02:56:39   Recalls on val set < BaseDataset, msls - #database: 18871; #queries: 740 >: R@1: 92.0, R@5: 97.0, R@10: 97.2, R@100: 98.9
2024-07-05 02:56:39   Improved: previous best R@1 = 91.9, current R@1 = 92.0
2024-07-05 02:56:42   Start training epoch: 04
2024-07-05 03:02:55   Finished epoch 04 in 0:06:12, average epoch loss = 0.2339
2024-07-05 03:06:10   Recalls on val set < BaseDataset, msls - #database: 18871; #queries: 740 >: R@1: 92.6, R@5: 97.2, R@10: 97.3, R@100: 99.1
2024-07-05 03:06:10   Improved: previous best R@1 = 92.0, current R@1 = 92.6
2024-07-05 03:06:13   Start training epoch: 05
2024-07-05 03:12:26   Finished epoch 05 in 0:06:13, average epoch loss = 0.2171
2024-07-05 03:15:39   Recalls on val set < BaseDataset, msls - #database: 18871; #queries: 740 >: R@1: 92.8, R@5: 97.2, R@10: 97.3, R@100: 99.1
2024-07-05 03:15:39   Improved: previous best R@1 = 92.6, current R@1 = 92.8
2024-07-05 03:15:41   Start training epoch: 06
2024-07-05 03:21:54   Finished epoch 06 in 0:06:12, average epoch loss = 0.2012
2024-07-05 03:25:08   Recalls on val set < BaseDataset, msls - #database: 18871; #queries: 740 >: R@1: 92.3, R@5: 97.2, R@10: 97.3, R@100: 98.9
2024-07-05 03:25:08   Not improved: 1 / 10: best R@1 = 92.8, current R@1 = 92.3
2024-07-05 03:25:10   Start training epoch: 07
2024-07-05 03:31:21   Finished epoch 07 in 0:06:11, average epoch loss = 0.1893
2024-07-05 03:34:36   Recalls on val set < BaseDataset, msls - #database: 18871; #queries: 740 >: R@1: 92.6, R@5: 97.2, R@10: 97.4, R@100: 98.9
2024-07-05 03:34:36   Not improved: 2 / 10: best R@1 = 92.8, current R@1 = 92.6
2024-07-05 03:34:38   Start training epoch: 08
2024-07-05 03:40:50   Finished epoch 08 in 0:06:12, average epoch loss = 0.1800
2024-07-05 03:44:07   Recalls on val set < BaseDataset, msls - #database: 18871; #queries: 740 >: R@1: 92.4, R@5: 97.2, R@10: 97.4, R@100: 98.9
2024-07-05 03:44:07   Not improved: 3 / 10: best R@1 = 92.8, current R@1 = 92.4
2024-07-05 03:44:08   Start training epoch: 09
2024-07-05 03:50:20   Finished epoch 09 in 0:06:11, average epoch loss = 0.1738
2024-07-05 03:53:34   Recalls on val set < BaseDataset, msls - #database: 18871; #queries: 740 >: R@1: 92.4, R@5: 97.2, R@10: 97.4, R@100: 98.9
2024-07-05 03:53:34   Not improved: 4 / 10: best R@1 = 92.8, current R@1 = 92.4
2024-07-05 03:53:36   Best R@1: 92.8
2024-07-05 03:53:36   Trained for 10 epochs, in total in 1:35:42
2024-07-05 03:53:36   using MLP layer as FFN
2024-07-05 03:53:41   Test set: < BaseDataset, pitts30k - #database: 10000; #queries: 6816 >
2024-07-05 04:00:28   Recalls on < BaseDataset, pitts30k - #database: 10000; #queries: 6816 >: R@1: 93.5, R@5: 97.2, R@10: 98.2, R@100: 99.7
2024-07-05 04:00:28   Finished in 1:42:34
