2024-07-10 23:40:54   Arguments: Namespace(aggregation='g2m', backbone='dinov2_vitb14', ca_method='gem', clusters=64, dataset_name='msls', datasets_folder='/root/autodl-tmp', efficient_ram_testing=False, epochs_num=7, features_dim=768, infer_batch_size=64, linear_dim=256, lr=1.2e-05, num_hiddens=64, num_preds_to_save=0, num_workers=16, patience=10, pca_dataset_folder=None, pca_dim=None, queries_name=None, recall_values=[1, 5, 10, 100], resize=[322, 322], resize_test_imgs=True, resume='logs/dinov2_vitb14_g2m/gsv_cities/G64_GPMS/best_model.pth', save_dir='logs/dinov2_vitb14_g2m/gsv_cities/2024-07-10_23-40-54', save_only_wrong_preds=False, seed=0, train_batch_size=64, trainable_layers='8, 9, 10, 11', use_amp16=True, use_ca=True, use_cls=False, use_extra_datasets=True, use_linear=False, use_lora=False, val_positive_dist_threshold=25)
2024-07-10 23:40:54   The outputs are being saved in logs/dinov2_vitb14_g2m/gsv_cities/2024-07-10_23-40-54
2024-07-10 23:40:54   Using 3 GPUs
2024-07-10 23:40:54   Val set: < BaseDataset, msls - #database: 18871; #queries: 740 >
2024-07-10 23:40:54   using MLP layer as FFN
2024-07-10 23:40:56   trainable params: 29047362 || all params: 87270210 || trainable%: 33.28
2024-07-10 23:40:56   module.backbone.model.blocks.8.norm1.weight, module.backbone.model.blocks.8.attn.q.weight, module.backbone.model.blocks.8.attn.k.weight, module.backbone.model.blocks.8.attn.v.weight, module.backbone.model.blocks.8.attn.proj.weight, module.backbone.model.blocks.8.ls1.gamma, module.backbone.model.blocks.8.norm2.weight, module.backbone.model.blocks.8.mlp.fc1.weight, module.backbone.model.blocks.8.mlp.fc2.weight, module.backbone.model.blocks.8.ls2.gamma, module.backbone.model.blocks.9.norm1.weight, module.backbone.model.blocks.9.attn.q.weight, module.backbone.model.blocks.9.attn.k.weight, module.backbone.model.blocks.9.attn.v.weight, module.backbone.model.blocks.9.attn.proj.weight, module.backbone.model.blocks.9.ls1.gamma, module.backbone.model.blocks.9.norm2.weight, module.backbone.model.blocks.9.mlp.fc1.weight, module.backbone.model.blocks.9.mlp.fc2.weight, module.backbone.model.blocks.9.ls2.gamma, module.backbone.model.blocks.10.norm1.weight, module.backbone.model.blocks.10.attn.q.weight, module.backbone.model.blocks.10.attn.k.weight, module.backbone.model.blocks.10.attn.v.weight, module.backbone.model.blocks.10.attn.proj.weight, module.backbone.model.blocks.10.ls1.gamma, module.backbone.model.blocks.10.norm2.weight, module.backbone.model.blocks.10.mlp.fc1.weight, module.backbone.model.blocks.10.mlp.fc2.weight, module.backbone.model.blocks.10.ls2.gamma, module.backbone.model.blocks.11.norm1.weight, module.backbone.model.blocks.11.attn.q.weight, module.backbone.model.blocks.11.attn.k.weight, module.backbone.model.blocks.11.attn.v.weight, module.backbone.model.blocks.11.attn.proj.weight, module.backbone.model.blocks.11.ls1.gamma, module.backbone.model.blocks.11.norm2.weight, module.backbone.model.blocks.11.mlp.fc1.weight, module.backbone.model.blocks.11.mlp.fc2.weight, module.backbone.model.blocks.11.ls2.gamma, module.aggregation.gem.p, module.aggregation.channel_attention.channel_attention.0.p, module.aggregation.channel_attention.channel_attention.2.weight, module.aggregation.channel_attention.channel_attention.4.weight, module.aggregation.feat_proj.0.weight
2024-07-10 23:40:56   Resuming from epoch 4 with best recall@1 92.4
2024-07-10 23:40:56   Start training epoch: 04
2024-07-10 23:55:08   Finished epoch 04 in 0:14:03, average epoch loss = 0.1360
2024-07-10 23:56:18   Recalls on val set < BaseDataset, msls - #database: 18871; #queries: 740 >: R@1: 92.30, R@5: 96.89, R@10: 97.03, R@100: 98.78
2024-07-10 23:56:18   Not improved: 1 / 10: best R@1 = 92.4, current R@1 = 92.3
2024-07-10 23:56:19   Start training epoch: 05
2024-07-11 00:10:27   Finished epoch 05 in 0:14:00, average epoch loss = 0.1174
2024-07-11 00:11:37   Recalls on val set < BaseDataset, msls - #database: 18871; #queries: 740 >: R@1: 92.03, R@5: 96.62, R@10: 97.30, R@100: 98.51
2024-07-11 00:11:37   Not improved: 2 / 10: best R@1 = 92.4, current R@1 = 92.0
2024-07-11 00:11:38   Start training epoch: 06
2024-07-11 00:25:48   Finished epoch 06 in 0:14:02, average epoch loss = 0.1035
2024-07-11 00:27:01   Recalls on val set < BaseDataset, msls - #database: 18871; #queries: 740 >: R@1: 93.24, R@5: 96.76, R@10: 97.43, R@100: 98.78
2024-07-11 00:27:01   Improved: previous best R@1 = 92.4, current R@1 = 93.2
2024-07-11 00:27:02   Best R@1: 93.2
2024-07-11 00:27:02   Trained for 07 epochs, in total in 0:46:07
2024-07-11 00:27:02   using MLP layer as FFN
2024-07-11 00:27:03   Test set: < BaseDataset, pitts30k - #database: 10000; #queries: 6816 >
2024-07-11 00:28:36   Recalls on < BaseDataset, pitts30k - #database: 10000; #queries: 6816 >: R@1: 92.15, R@5: 96.16, R@10: 97.26, R@100: 99.19
2024-07-11 00:28:36   Finished in 0:47:42
2024-07-11 00:28:37   Test set: < BaseDataset, sf_xl - #database: 8015; #queries: 7993 >
2024-07-11 00:29:53   Recalls on < BaseDataset, sf_xl - #database: 8015; #queries: 7993 >: R@1: 94.21, R@5: 97.67, R@10: 98.45, R@100: 99.52
2024-07-11 00:29:53   Finished in 0:48:58
