2024-07-12 15:11:23   Arguments: Namespace(aggregation='netvlad', backbone='dinov2_vitb14', ca_method='gem', clusters=64, dataset_name='msls', datasets_folder='/root/autodl-tmp', efficient_ram_testing=False, epochs_num=5, features_dim=768, infer_batch_size=64, linear_dim=256, lr=6e-05, num_hiddens=3, num_preds_to_save=0, num_workers=16, patience=10, pca_dataset_folder='pitts30k/images/train', pca_dim=None, queries_name=None, recall_values=[1, 5, 10, 100], resize=[322, 322], resize_test_imgs=True, resume=None, save_dir='logs/dinov2_vitb14_netvlad/gsv_cities/2024-07-12_15-11-23', save_only_wrong_preds=False, seed=0, train_batch_size=64, trainable_layers='8, 9, 10, 11', use_amp16=True, use_ca=False, use_cls=False, use_extra_datasets=True, use_linear=False, use_lora=False, val_positive_dist_threshold=25)
2024-07-12 15:11:23   The outputs are being saved in logs/dinov2_vitb14_netvlad/gsv_cities/2024-07-12_15-11-23
2024-07-12 15:11:23   Using 4 GPUs
2024-07-12 15:11:23   Val set: < BaseDataset, msls - #database: 18871; #queries: 740 >
2024-07-12 15:11:23   using MLP layer as FFN
2024-07-12 15:11:43   trainable params: 28455936 || all params: 86678784 || trainable%: 32.83
2024-07-12 15:11:43   module.backbone.model.blocks.8.norm1.weight, module.backbone.model.blocks.8.attn.q.weight, module.backbone.model.blocks.8.attn.k.weight, module.backbone.model.blocks.8.attn.v.weight, module.backbone.model.blocks.8.attn.proj.weight, module.backbone.model.blocks.8.ls1.gamma, module.backbone.model.blocks.8.norm2.weight, module.backbone.model.blocks.8.mlp.fc1.weight, module.backbone.model.blocks.8.mlp.fc2.weight, module.backbone.model.blocks.8.ls2.gamma, module.backbone.model.blocks.9.norm1.weight, module.backbone.model.blocks.9.attn.q.weight, module.backbone.model.blocks.9.attn.k.weight, module.backbone.model.blocks.9.attn.v.weight, module.backbone.model.blocks.9.attn.proj.weight, module.backbone.model.blocks.9.ls1.gamma, module.backbone.model.blocks.9.norm2.weight, module.backbone.model.blocks.9.mlp.fc1.weight, module.backbone.model.blocks.9.mlp.fc2.weight, module.backbone.model.blocks.9.ls2.gamma, module.backbone.model.blocks.10.norm1.weight, module.backbone.model.blocks.10.attn.q.weight, module.backbone.model.blocks.10.attn.k.weight, module.backbone.model.blocks.10.attn.v.weight, module.backbone.model.blocks.10.attn.proj.weight, module.backbone.model.blocks.10.ls1.gamma, module.backbone.model.blocks.10.norm2.weight, module.backbone.model.blocks.10.mlp.fc1.weight, module.backbone.model.blocks.10.mlp.fc2.weight, module.backbone.model.blocks.10.ls2.gamma, module.backbone.model.blocks.11.norm1.weight, module.backbone.model.blocks.11.attn.q.weight, module.backbone.model.blocks.11.attn.k.weight, module.backbone.model.blocks.11.attn.v.weight, module.backbone.model.blocks.11.attn.proj.weight, module.backbone.model.blocks.11.ls1.gamma, module.backbone.model.blocks.11.norm2.weight, module.backbone.model.blocks.11.mlp.fc1.weight, module.backbone.model.blocks.11.mlp.fc2.weight, module.backbone.model.blocks.11.ls2.gamma, module.aggregation.centroids, module.aggregation.conv.weight
2024-07-12 15:11:43   Start training epoch: 00
2024-07-12 15:30:32   Finished epoch 00 in 0:18:35, average epoch loss = 0.3562
2024-07-12 15:33:31   Recalls on val set < BaseDataset, msls - #database: 18871; #queries: 740 >: R@1: 92.57, R@5: 97.16, R@10: 97.57, R@100: 98.51
2024-07-12 15:33:31   Improved: previous best R@1 = 0.0, current R@1 = 92.6
2024-07-12 15:33:32   Start training epoch: 01
2024-07-12 15:52:07   Finished epoch 01 in 0:18:22, average epoch loss = 0.2654
2024-07-12 15:54:18   Recalls on val set < BaseDataset, msls - #database: 18871; #queries: 740 >: R@1: 94.46, R@5: 97.16, R@10: 97.70, R@100: 98.78
2024-07-12 15:54:18   Improved: previous best R@1 = 92.6, current R@1 = 94.5
2024-07-12 15:54:19   Start training epoch: 02
2024-07-12 16:12:51   Finished epoch 02 in 0:18:21, average epoch loss = 0.2277
2024-07-12 16:15:28   Recalls on val set < BaseDataset, msls - #database: 18871; #queries: 740 >: R@1: 93.65, R@5: 97.70, R@10: 97.84, R@100: 98.78
2024-07-12 16:15:28   Not improved: 1 / 10: best R@1 = 94.5, current R@1 = 93.6
2024-07-12 16:15:29   Start training epoch: 03
2024-07-12 16:34:05   Finished epoch 03 in 0:18:24, average epoch loss = 0.1995
2024-07-12 16:36:20   Recalls on val set < BaseDataset, msls - #database: 18871; #queries: 740 >: R@1: 93.78, R@5: 97.43, R@10: 97.70, R@100: 99.05
2024-07-12 16:36:20   Not improved: 2 / 10: best R@1 = 94.5, current R@1 = 93.8
2024-07-12 16:36:20   Start training epoch: 04
2024-07-12 16:54:51   Finished epoch 04 in 0:18:21, average epoch loss = 0.1747
2024-07-12 16:57:56   Recalls on val set < BaseDataset, msls - #database: 18871; #queries: 740 >: R@1: 94.19, R@5: 97.57, R@10: 98.24, R@100: 98.78
2024-07-12 16:57:56   Not improved: 3 / 10: best R@1 = 94.5, current R@1 = 94.2
2024-07-12 16:57:56   Best R@1: 94.5
2024-07-12 16:57:56   Trained for 05 epochs, in total in 1:46:33
2024-07-12 16:57:56   using MLP layer as FFN
2024-07-12 16:57:59   Test set: < BaseDataset, pitts30k - #database: 10000; #queries: 6816 >
2024-07-12 17:04:21   Recalls on < BaseDataset, pitts30k - #database: 10000; #queries: 6816 >: R@1: 94.09, R@5: 97.58, R@10: 98.43, R@100: 99.55
2024-07-12 17:04:21   Finished in 1:52:58
2024-07-12 17:04:22   Test set: < BaseDataset, sf_xl - #database: 8015; #queries: 7993 >
2024-07-12 17:10:15   Recalls on < BaseDataset, sf_xl - #database: 8015; #queries: 7993 >: R@1: 96.25, R@5: 98.41, R@10: 98.94, R@100: 99.64
2024-07-12 17:10:15   Finished in 1:58:52
