2024-07-06 20:18:39   Arguments: Namespace(aggregation='g2m', backbone='dinov2_vitb14', ca_method='avg', clusters=64, dataset_name='msls', datasets_folder='/root/autodl-tmp', epochs_num=5, features_dim=768, infer_batch_size=64, linear_dim=256, lr=6e-05, num_hiddens=64, num_preds_to_save=0, num_workers=16, patience=10, pca_dataset_folder=None, pca_dim=None, queries_name=None, recall_values=[1, 5, 10, 100], resize=[224, 224], resize_test_imgs=True, resume=None, save_dir='logs/dinov2_vitb14_g2m/gsv_cities/2024-07-06_20-18-39', save_only_wrong_preds=False, seed=0, train_batch_size=64, trainable_layers='8, 9, 10, 11', use_amp16=True, use_ca=True, use_cls=False, use_extra_datasets=False, use_lora=False, val_positive_dist_threshold=25)
2024-07-06 20:18:39   The outputs are being saved in logs/dinov2_vitb14_g2m/gsv_cities/2024-07-06_20-18-39
2024-07-06 20:18:39   Using 1 GPUs
2024-07-06 20:18:40   Val set: < BaseDataset, msls - #database: 18871; #queries: 740 >
2024-07-06 20:18:40   using MLP layer as FFN
2024-07-06 20:18:41   trainable params: 29046529 || all params: 87269377 || trainable%: 33.28
2024-07-06 20:18:41   Start training epoch: 00
2024-07-06 20:23:19   Finished epoch 00 in 0:04:37, average epoch loss = 0.4352
2024-07-06 20:25:48   Recalls on val set < BaseDataset, msls - #database: 18871; #queries: 740 >: R@1: 87.7, R@5: 94.1, R@10: 95.4, R@100: 98.1
2024-07-06 20:25:48   Improved: previous best R@1 = 0.0, current R@1 = 87.7
2024-07-06 20:25:49   Start training epoch: 01
2024-07-06 20:30:25   Finished epoch 01 in 0:04:36, average epoch loss = 0.3008
2024-07-06 20:32:55   Recalls on val set < BaseDataset, msls - #database: 18871; #queries: 740 >: R@1: 89.3, R@5: 94.6, R@10: 95.4, R@100: 98.0
2024-07-06 20:32:55   Improved: previous best R@1 = 87.7, current R@1 = 89.3
2024-07-06 20:32:56   Start training epoch: 02
2024-07-06 20:37:32   Finished epoch 02 in 0:04:36, average epoch loss = 0.2436
2024-07-06 20:40:01   Recalls on val set < BaseDataset, msls - #database: 18871; #queries: 740 >: R@1: 90.1, R@5: 95.9, R@10: 96.1, R@100: 98.4
2024-07-06 20:40:01   Improved: previous best R@1 = 89.3, current R@1 = 90.1
2024-07-06 20:40:02   Start training epoch: 03
2024-07-06 20:44:38   Finished epoch 03 in 0:04:35, average epoch loss = 0.1992
2024-07-06 20:47:08   Recalls on val set < BaseDataset, msls - #database: 18871; #queries: 740 >: R@1: 90.1, R@5: 94.9, R@10: 96.1, R@100: 98.1
2024-07-06 20:47:08   Not improved: 1 / 10: best R@1 = 90.1, current R@1 = 90.1
2024-07-06 20:47:08   Start training epoch: 04
2024-07-06 20:51:44   Finished epoch 04 in 0:04:35, average epoch loss = 0.1696
2024-07-06 20:54:14   Recalls on val set < BaseDataset, msls - #database: 18871; #queries: 740 >: R@1: 90.5, R@5: 95.7, R@10: 96.2, R@100: 98.1
2024-07-06 20:54:14   Improved: previous best R@1 = 90.1, current R@1 = 90.5
2024-07-06 20:54:15   Best R@1: 90.5
2024-07-06 20:54:15   Trained for 05 epochs, in total in 0:35:36
2024-07-06 20:54:15   using MLP layer as FFN
2024-07-06 20:54:17   Test set: < BaseDataset, pitts30k - #database: 10000; #queries: 6816 >
2024-07-06 20:57:57   Recalls on < BaseDataset, pitts30k - #database: 10000; #queries: 6816 >: R@1: 91.5, R@5: 96.0, R@10: 97.1, R@100: 99.1
2024-07-06 20:57:57   Finished in 0:39:18
