2024-07-21 16:56:47   Arguments: Namespace(aggregation='netvlad', backbone='dinov2_vitb14', ca_method='gem', clusters=64, dataset_name='msls', datasets_folder='/root/autodl-tmp', efficient_ram_testing=False, epochs_num=5, features_dim=768, infer_batch_size=64, linear_dim=192, lr=1.2e-05, num_hiddens=3, num_preds_to_save=0, num_workers=16, patience=3, pca_dataset_folder='pitts30k/images/train', pca_dim=None, queries_name=None, recall_values=[1, 5, 10, 100], resize=[322, 322], resize_test_imgs=True, resume='logs/dinov2_vitb14_netvlad/gsv_cities/k64_GPMS_322/best_model.pth', save_dir='logs/dinov2_vitb14_netvlad/gsv_cities/2024-07-21_16-56-47', save_only_wrong_preds=False, seed=0, train_batch_size=64, trainable_layers='8, 9, 10, 11', use_amp16=True, use_ca=False, use_cls=False, use_extra_datasets=True, use_linear=True, use_lora=False, val_positive_dist_threshold=25)
2024-07-21 16:56:47   The outputs are being saved in logs/dinov2_vitb14_netvlad/gsv_cities/2024-07-21_16-56-47
2024-07-21 16:56:47   Using 2 GPUs
2024-07-21 16:56:47   Loading gsv_cities and msls from folder /root/autodl-tmp
2024-07-21 16:56:47   Val set: < BaseDataset, msls - #database: 18871; #queries: 740 >
2024-07-21 16:56:47   using MLP layer as FFN
2024-07-21 16:56:49   Linear as Learned PCA and only fine-tuning linear.
2024-07-21 16:56:49   trainable params: 147648 || all params: 86826432 || trainable%: 0.17
2024-07-21 16:56:49   module.aggregation.feat_proj.weight
2024-07-21 16:56:49   Loading checkpoint: logs/dinov2_vitb14_netvlad/gsv_cities/k64_GPMS_322/best_model.pth
2024-07-21 16:56:49   Loaded checkpoint: start_epoch_num = 1, current_best_R@1 = 94.5
2024-07-21 16:56:49   Resuming from epoch 1 with best recall@1 94.5
2024-07-21 16:56:49   Start training epoch: 01
2024-07-21 17:12:52   Finished epoch 01 in 0:15:53, average epoch loss = 0.3398
2024-07-21 17:12:52   Extracting database features for evaluation/testing
2024-07-21 17:14:28   Extracting queries features for evaluation/testing
2024-07-21 17:14:34   Calculating recalls
2024-07-21 17:14:42   Recalls on val set < BaseDataset, msls - #database: 18871; #queries: 740 >: R@1: 94.19, R@5: 97.16, R@10: 97.57, R@100: 98.65
2024-07-21 17:14:42   Improved: previous best R@1 = 0.0, current R@1 = 94.2
2024-07-21 17:14:42   Start training epoch: 02
2024-07-21 17:30:41   Finished epoch 02 in 0:15:49, average epoch loss = 0.2614
2024-07-21 17:30:41   Extracting database features for evaluation/testing
2024-07-21 17:32:16   Extracting queries features for evaluation/testing
2024-07-21 17:32:23   Calculating recalls
2024-07-21 17:32:31   Recalls on val set < BaseDataset, msls - #database: 18871; #queries: 740 >: R@1: 94.32, R@5: 97.16, R@10: 97.57, R@100: 98.65
2024-07-21 17:32:31   Improved: previous best R@1 = 94.2, current R@1 = 94.3
2024-07-21 17:32:32   Start training epoch: 03
2024-07-21 17:48:29   Finished epoch 03 in 0:15:49, average epoch loss = 0.2562
2024-07-21 17:48:29   Extracting database features for evaluation/testing
2024-07-21 17:50:04   Extracting queries features for evaluation/testing
2024-07-21 17:50:10   Calculating recalls
2024-07-21 17:50:18   Recalls on val set < BaseDataset, msls - #database: 18871; #queries: 740 >: R@1: 94.19, R@5: 97.16, R@10: 97.70, R@100: 98.65
2024-07-21 17:50:18   Not improved: 1 / 3: best R@1 = 94.3, current R@1 = 94.2
2024-07-21 17:50:19   Start training epoch: 04
2024-07-21 18:06:17   Finished epoch 04 in 0:15:49, average epoch loss = 0.2541
2024-07-21 18:06:17   Extracting database features for evaluation/testing
2024-07-21 18:07:52   Extracting queries features for evaluation/testing
2024-07-21 18:07:59   Calculating recalls
2024-07-21 18:08:07   Recalls on val set < BaseDataset, msls - #database: 18871; #queries: 740 >: R@1: 94.05, R@5: 97.16, R@10: 97.57, R@100: 98.65
2024-07-21 18:08:07   Not improved: 2 / 3: best R@1 = 94.3, current R@1 = 94.1
2024-07-21 18:08:07   Best R@1: 94.3
2024-07-21 18:08:07   Trained for 05 epochs, in total in 1:11:20
2024-07-21 18:08:07   using MLP layer as FFN
2024-07-21 18:08:09   Test set: < BaseDataset, pitts30k - #database: 10000; #queries: 6816 >
2024-07-21 18:08:09   Extracting database features for evaluation/testing
2024-07-21 18:09:30   Extracting queries features for evaluation/testing
2024-07-21 18:10:26   Calculating recalls
2024-07-21 18:11:04   Recalls on < BaseDataset, pitts30k - #database: 10000; #queries: 6816 >: R@1: 93.81, R@5: 97.46, R@10: 98.20, R@100: 99.52
2024-07-21 18:11:04   Finished in 1:14:16
2024-07-21 18:11:04   Test set: < BaseDataset, sf_xl - #database: 8015; #queries: 7993 >
2024-07-21 18:11:04   Extracting database features for evaluation/testing
2024-07-21 18:11:59   Extracting queries features for evaluation/testing
2024-07-21 18:12:54   Calculating recalls
2024-07-21 18:13:30   Recalls on < BaseDataset, sf_xl - #database: 8015; #queries: 7993 >: R@1: 96.05, R@5: 98.25, R@10: 98.70, R@100: 99.59
2024-07-21 18:13:30   Finished in 1:16:42
