2024-07-06 20:15:34   Arguments: Namespace(aggregation='g2m', backbone='dinov2_vitb14', ca_method='gem', clusters=64, dataset_name='msls', datasets_folder='/root/autodl-tmp', epochs_num=5, features_dim=768, infer_batch_size=64, linear_dim=256, lr=6e-05, num_hiddens=3, num_preds_to_save=0, num_workers=16, patience=10, pca_dataset_folder=None, pca_dim=None, queries_name=None, recall_values=[1, 5, 10, 100], resize=[224, 224], resize_test_imgs=True, resume=None, save_dir='logs/dinov2_vitb14_g2m/gsv_cities/2024-07-06_20-15-34', save_only_wrong_preds=False, seed=0, train_batch_size=64, trainable_layers='8, 9, 10, 11', use_amp16=True, use_ca=False, use_cls=False, use_extra_datasets=False, use_lora=False, val_positive_dist_threshold=25)
2024-07-06 20:15:34   The outputs are being saved in logs/dinov2_vitb14_g2m/gsv_cities/2024-07-06_20-15-34
2024-07-06 20:15:34   Using 1 GPUs
2024-07-06 20:15:35   Val set: < BaseDataset, msls - #database: 18871; #queries: 740 >
2024-07-06 20:15:35   using MLP layer as FFN
2024-07-06 20:15:36   trainable params: 28948225 || all params: 87171073 || trainable%: 33.21
2024-07-06 20:15:36   Start training epoch: 00
2024-07-06 20:20:09   Finished epoch 00 in 0:04:32, average epoch loss = 0.4317
2024-07-06 20:22:34   Recalls on val set < BaseDataset, msls - #database: 18871; #queries: 740 >: R@1: 88.6, R@5: 95.5, R@10: 96.6, R@100: 98.4
2024-07-06 20:22:34   Improved: previous best R@1 = 0.0, current R@1 = 88.6
2024-07-06 20:22:35   Start training epoch: 01
2024-07-06 20:27:06   Finished epoch 01 in 0:04:30, average epoch loss = 0.2991
2024-07-06 20:29:30   Recalls on val set < BaseDataset, msls - #database: 18871; #queries: 740 >: R@1: 89.7, R@5: 95.4, R@10: 96.8, R@100: 98.2
2024-07-06 20:29:30   Improved: previous best R@1 = 88.6, current R@1 = 89.7
2024-07-06 20:29:31   Start training epoch: 02
2024-07-06 20:34:02   Finished epoch 02 in 0:04:30, average epoch loss = 0.2406
2024-07-06 20:36:27   Recalls on val set < BaseDataset, msls - #database: 18871; #queries: 740 >: R@1: 89.1, R@5: 95.7, R@10: 96.5, R@100: 98.1
2024-07-06 20:36:27   Not improved: 1 / 10: best R@1 = 89.7, current R@1 = 89.1
2024-07-06 20:36:28   Start training epoch: 03
2024-07-06 20:40:58   Finished epoch 03 in 0:04:30, average epoch loss = 0.1968
2024-07-06 20:43:23   Recalls on val set < BaseDataset, msls - #database: 18871; #queries: 740 >: R@1: 90.1, R@5: 95.8, R@10: 96.9, R@100: 98.4
2024-07-06 20:43:23   Improved: previous best R@1 = 89.7, current R@1 = 90.1
2024-07-06 20:43:24   Start training epoch: 04
2024-07-06 20:47:55   Finished epoch 04 in 0:04:30, average epoch loss = 0.1679
2024-07-06 20:50:20   Recalls on val set < BaseDataset, msls - #database: 18871; #queries: 740 >: R@1: 90.3, R@5: 95.4, R@10: 96.2, R@100: 98.2
2024-07-06 20:50:20   Improved: previous best R@1 = 90.1, current R@1 = 90.3
2024-07-06 20:50:21   Best R@1: 90.3
2024-07-06 20:50:21   Trained for 05 epochs, in total in 0:34:47
2024-07-06 20:50:21   using MLP layer as FFN
2024-07-06 20:50:23   Test set: < BaseDataset, pitts30k - #database: 10000; #queries: 6816 >
2024-07-06 20:53:57   Recalls on < BaseDataset, pitts30k - #database: 10000; #queries: 6816 >: R@1: 91.9, R@5: 96.6, R@10: 97.8, R@100: 99.4
2024-07-06 20:53:57   Finished in 0:38:23
