2024-07-10 13:16:48   Arguments: Namespace(aggregation='netvlad', backbone='dinov2_vitb14', ca_method='gem', clusters=64, dataset_name='msls', datasets_folder='/root/autodl-tmp', efficient_ram_testing=False, epochs_num=3, features_dim=768, infer_batch_size=64, linear_dim=128, lr=1.2e-05, num_hiddens=3, num_preds_to_save=0, num_workers=16, patience=10, pca_dataset_folder=None, pca_dim=None, queries_name=None, recall_values=[1, 5, 10, 100], resize=[224, 224], resize_test_imgs=True, resume='logs/dinov2_vitb14_netvlad/gsv_cities/k64_GPMS/best_model.pth', save_dir='logs/dinov2_vitb14_netvlad/gsv_cities/2024-07-10_13-16-48', save_only_wrong_preds=False, seed=0, train_batch_size=64, trainable_layers='8, 9, 10, 11', use_amp16=True, use_ca=False, use_cls=False, use_extra_datasets=True, use_linear=True, use_lora=False, val_positive_dist_threshold=25)
2024-07-10 13:16:48   The outputs are being saved in logs/dinov2_vitb14_netvlad/gsv_cities/2024-07-10_13-16-48
2024-07-10 13:16:48   Using 4 GPUs
2024-07-10 13:16:48   Loading gsv_cities and msls from folder /root/autodl-tmp
2024-07-10 13:16:48   Val set: < BaseDataset, msls - #database: 18871; #queries: 740 >
2024-07-10 13:16:48   using MLP layer as FFN
2024-07-10 13:16:50   Linear as Learned PCA
2024-07-10 13:16:50   trainable params: 98432 || all params: 86777216 || trainable%: 0.11
2024-07-10 13:16:50   module.aggregation.feat_proj.weight
2024-07-10 13:16:50   Loading checkpoint: logs/dinov2_vitb14_netvlad/gsv_cities/k64_GPMS/best_model.pth
2024-07-10 13:16:50   Loaded checkpoint: start_epoch_num = 1, current_best_R@1 = 94.6
2024-07-10 13:16:50   Resuming from epoch 1 with best recall@1 94.6
2024-07-10 13:16:50   Start training epoch: 01
2024-07-10 13:24:12   Finished epoch 01 in 0:07:11, average epoch loss = 0.4277
2024-07-10 13:24:12   Extracting database features for evaluation/testing
2024-07-10 13:25:10   Extracting queries features for evaluation/testing
2024-07-10 13:25:14   Calculating recalls
2024-07-10 13:25:20   Recalls on val set < BaseDataset, msls - #database: 18871; #queries: 740 >: R@1: 94.46, R@5: 97.70, R@10: 97.97, R@100: 99.05
2024-07-10 13:25:20   Improved: previous best R@1 = 0.0, current R@1 = 94.5
2024-07-10 13:25:20   Start training epoch: 02
2024-07-10 13:32:31   Finished epoch 02 in 0:07:02, average epoch loss = 0.3286
2024-07-10 13:32:31   Extracting database features for evaluation/testing
2024-07-10 13:33:28   Extracting queries features for evaluation/testing
2024-07-10 13:33:33   Calculating recalls
2024-07-10 13:33:38   Recalls on val set < BaseDataset, msls - #database: 18871; #queries: 740 >: R@1: 94.59, R@5: 97.84, R@10: 97.84, R@100: 99.05
2024-07-10 13:33:38   Improved: previous best R@1 = 94.5, current R@1 = 94.6
2024-07-10 13:33:39   Best R@1: 94.6
2024-07-10 13:33:39   Trained for 03 epochs, in total in 0:16:50
2024-07-10 13:33:39   using MLP layer as FFN
2024-07-10 13:33:40   Test set: < BaseDataset, pitts30k - #database: 10000; #queries: 6816 >
2024-07-10 13:33:40   Extracting database features for evaluation/testing
2024-07-10 13:34:28   Extracting queries features for evaluation/testing
2024-07-10 13:35:01   Calculating recalls
2024-07-10 13:35:26   Recalls on < BaseDataset, pitts30k - #database: 10000; #queries: 6816 >: R@1: 93.08, R@5: 97.39, R@10: 98.03, R@100: 99.41
2024-07-10 13:35:26   Finished in 0:18:38
2024-07-10 13:35:26   Test set: < BaseDataset, sf_xl - #database: 8015; #queries: 7993 >
2024-07-10 13:35:26   Extracting database features for evaluation/testing
2024-07-10 13:35:59   Extracting queries features for evaluation/testing
2024-07-10 13:36:32   Calculating recalls
2024-07-10 13:36:56   Recalls on < BaseDataset, sf_xl - #database: 8015; #queries: 7993 >: R@1: 95.52, R@5: 98.01, R@10: 98.46, R@100: 99.45
2024-07-10 13:36:56   Finished in 0:20:07
