2024-07-21 19:41:55   Arguments: Namespace(aggregation='netvlad', backbone='dinov2_vitb14', ca_method='gem', clusters=64, dataset_name='msls', datasets_folder='/root/autodl-tmp', efficient_ram_testing=False, epochs_num=5, features_dim=768, infer_batch_size=64, linear_dim=16, lr=1.2e-05, num_hiddens=3, num_preds_to_save=0, num_workers=16, patience=3, pca_dataset_folder='pitts30k/images/train', pca_dim=None, queries_name=None, recall_values=[1, 5, 10, 100], resize=[322, 322], resize_test_imgs=True, resume='logs/dinov2_vitb14_netvlad/gsv_cities/k64_GPMS_322/best_model.pth', save_dir='logs/dinov2_vitb14_netvlad/gsv_cities/2024-07-21_19-41-55', save_only_wrong_preds=False, seed=0, train_batch_size=64, trainable_layers='8, 9, 10, 11', use_amp16=True, use_ca=False, use_cls=False, use_extra_datasets=True, use_linear=True, use_lora=False, val_positive_dist_threshold=25)
2024-07-21 19:41:55   The outputs are being saved in logs/dinov2_vitb14_netvlad/gsv_cities/2024-07-21_19-41-55
2024-07-21 19:41:55   Using 2 GPUs
2024-07-21 19:41:56   Val set: < BaseDataset, msls - #database: 18871; #queries: 740 >
2024-07-21 19:41:56   using MLP layer as FFN
2024-07-21 19:41:57   Linear as Learned PCA and only fine-tuning linear.
2024-07-21 19:41:57   trainable params: 12304 || all params: 86691088 || trainable%: 0.01
2024-07-21 19:41:57   module.aggregation.feat_proj.weight
2024-07-21 19:41:57   Resuming from epoch 1 with best recall@1 94.5
2024-07-21 19:41:57   Start training epoch: 01
2024-07-21 19:57:58   Finished epoch 01 in 0:15:50, average epoch loss = 0.6310
2024-07-21 19:59:39   Recalls on val set < BaseDataset, msls - #database: 18871; #queries: 740 >: R@1: 89.32, R@5: 94.86, R@10: 95.41, R@100: 97.70
2024-07-21 19:59:39   Improved: previous best R@1 = 0.0, current R@1 = 89.3
2024-07-21 19:59:39   Start training epoch: 02
2024-07-21 20:15:34   Finished epoch 02 in 0:15:46, average epoch loss = 0.4862
2024-07-21 20:17:15   Recalls on val set < BaseDataset, msls - #database: 18871; #queries: 740 >: R@1: 89.86, R@5: 95.14, R@10: 95.54, R@100: 97.70
2024-07-21 20:17:15   Improved: previous best R@1 = 89.3, current R@1 = 89.9
2024-07-21 20:17:15   Start training epoch: 03
2024-07-21 20:33:11   Finished epoch 03 in 0:15:46, average epoch loss = 0.4633
2024-07-21 20:34:52   Recalls on val set < BaseDataset, msls - #database: 18871; #queries: 740 >: R@1: 90.27, R@5: 95.27, R@10: 95.95, R@100: 97.84
2024-07-21 20:34:52   Improved: previous best R@1 = 89.9, current R@1 = 90.3
2024-07-21 20:34:52   Start training epoch: 04
2024-07-21 20:50:48   Finished epoch 04 in 0:15:46, average epoch loss = 0.4499
2024-07-21 20:52:28   Recalls on val set < BaseDataset, msls - #database: 18871; #queries: 740 >: R@1: 90.41, R@5: 95.54, R@10: 96.22, R@100: 98.11
2024-07-21 20:52:28   Improved: previous best R@1 = 90.3, current R@1 = 90.4
2024-07-21 20:52:29   Best R@1: 90.4
2024-07-21 20:52:29   Trained for 05 epochs, in total in 1:10:33
2024-07-21 20:52:29   using MLP layer as FFN
2024-07-21 20:52:30   Test set: < BaseDataset, pitts30k - #database: 10000; #queries: 6816 >
2024-07-21 20:54:50   Recalls on < BaseDataset, pitts30k - #database: 10000; #queries: 6816 >: R@1: 91.46, R@5: 96.19, R@10: 97.51, R@100: 99.30
2024-07-21 20:54:50   Finished in 1:12:54
2024-07-21 20:54:50   Test set: < BaseDataset, sf_xl - #database: 8015; #queries: 7993 >
2024-07-21 20:56:44   Recalls on < BaseDataset, sf_xl - #database: 8015; #queries: 7993 >: R@1: 90.52, R@5: 95.22, R@10: 96.35, R@100: 98.79
2024-07-21 20:56:44   Finished in 1:14:49
