2024-07-21 18:18:36   Arguments: Namespace(aggregation='netvlad', backbone='dinov2_vitb14', ca_method='gem', clusters=64, dataset_name='msls', datasets_folder='/root/autodl-tmp', efficient_ram_testing=False, epochs_num=5, features_dim=768, infer_batch_size=64, linear_dim=64, lr=1.2e-05, num_hiddens=3, num_preds_to_save=0, num_workers=16, patience=3, pca_dataset_folder='pitts30k/images/train', pca_dim=None, queries_name=None, recall_values=[1, 5, 10, 100], resize=[322, 322], resize_test_imgs=True, resume='logs/dinov2_vitb14_netvlad/gsv_cities/k64_GPMS_322/best_model.pth', save_dir='logs/dinov2_vitb14_netvlad/gsv_cities/2024-07-21_18-18-36', save_only_wrong_preds=False, seed=0, train_batch_size=64, trainable_layers='8, 9, 10, 11', use_amp16=True, use_ca=False, use_cls=False, use_extra_datasets=True, use_linear=True, use_lora=False, val_positive_dist_threshold=25)
2024-07-21 18:18:36   The outputs are being saved in logs/dinov2_vitb14_netvlad/gsv_cities/2024-07-21_18-18-36
2024-07-21 18:18:36   Using 2 GPUs
2024-07-21 18:18:36   Loading gsv_cities and msls from folder /root/autodl-tmp
2024-07-21 18:18:36   Val set: < BaseDataset, msls - #database: 18871; #queries: 740 >
2024-07-21 18:18:36   using MLP layer as FFN
2024-07-21 18:18:38   Linear as Learned PCA and only fine-tuning linear.
2024-07-21 18:18:38   trainable params: 49216 || all params: 86728000 || trainable%: 0.06
2024-07-21 18:18:38   module.aggregation.feat_proj.weight
2024-07-21 18:18:38   Loading checkpoint: logs/dinov2_vitb14_netvlad/gsv_cities/k64_GPMS_322/best_model.pth
2024-07-21 18:18:38   Loaded checkpoint: start_epoch_num = 1, current_best_R@1 = 94.5
2024-07-21 18:18:38   Resuming from epoch 1 with best recall@1 94.5
2024-07-21 18:18:38   Start training epoch: 01
2024-07-21 18:34:39   Finished epoch 01 in 0:15:51, average epoch loss = 0.4082
2024-07-21 18:34:39   Extracting database features for evaluation/testing
2024-07-21 18:36:14   Extracting queries features for evaluation/testing
2024-07-21 18:36:20   Calculating recalls
2024-07-21 18:36:22   Recalls on val set < BaseDataset, msls - #database: 18871; #queries: 740 >: R@1: 93.65, R@5: 97.03, R@10: 97.30, R@100: 98.78
2024-07-21 18:36:22   Improved: previous best R@1 = 0.0, current R@1 = 93.6
2024-07-21 18:36:23   Start training epoch: 02
2024-07-21 18:52:18   Finished epoch 02 in 0:15:47, average epoch loss = 0.3086
2024-07-21 18:52:18   Extracting database features for evaluation/testing
2024-07-21 18:53:53   Extracting queries features for evaluation/testing
2024-07-21 18:53:58   Calculating recalls
2024-07-21 18:54:01   Recalls on val set < BaseDataset, msls - #database: 18871; #queries: 740 >: R@1: 93.65, R@5: 97.03, R@10: 97.30, R@100: 98.65
2024-07-21 18:54:01   Not improved: 1 / 3: best R@1 = 93.6, current R@1 = 93.6
2024-07-21 18:54:01   Start training epoch: 03
2024-07-21 19:09:57   Finished epoch 03 in 0:15:47, average epoch loss = 0.3006
2024-07-21 19:09:57   Extracting database features for evaluation/testing
2024-07-21 19:11:31   Extracting queries features for evaluation/testing
2024-07-21 19:11:37   Calculating recalls
2024-07-21 19:11:40   Recalls on val set < BaseDataset, msls - #database: 18871; #queries: 740 >: R@1: 93.24, R@5: 97.03, R@10: 97.43, R@100: 98.65
2024-07-21 19:11:40   Not improved: 2 / 3: best R@1 = 93.6, current R@1 = 93.2
2024-07-21 19:11:40   Start training epoch: 04
2024-07-21 19:27:37   Finished epoch 04 in 0:15:47, average epoch loss = 0.2961
2024-07-21 19:27:37   Extracting database features for evaluation/testing
2024-07-21 19:29:12   Extracting queries features for evaluation/testing
2024-07-21 19:29:18   Calculating recalls
2024-07-21 19:29:20   Recalls on val set < BaseDataset, msls - #database: 18871; #queries: 740 >: R@1: 92.97, R@5: 96.89, R@10: 97.57, R@100: 98.65
2024-07-21 19:29:20   Not improved: 3 / 3: best R@1 = 93.6, current R@1 = 93.0
2024-07-21 19:29:21   Best R@1: 93.6
2024-07-21 19:29:21   Trained for 05 epochs, in total in 1:10:44
2024-07-21 19:29:21   using MLP layer as FFN
2024-07-21 19:29:22   Test set: < BaseDataset, pitts30k - #database: 10000; #queries: 6816 >
2024-07-21 19:29:22   Extracting database features for evaluation/testing
2024-07-21 19:30:43   Extracting queries features for evaluation/testing
2024-07-21 19:31:39   Calculating recalls
2024-07-21 19:31:52   Recalls on < BaseDataset, pitts30k - #database: 10000; #queries: 6816 >: R@1: 93.30, R@5: 97.15, R@10: 97.95, R@100: 99.34
2024-07-21 19:31:52   Finished in 1:13:15
2024-07-21 19:31:52   Test set: < BaseDataset, sf_xl - #database: 8015; #queries: 7993 >
2024-07-21 19:31:52   Extracting database features for evaluation/testing
2024-07-21 19:32:47   Extracting queries features for evaluation/testing
2024-07-21 19:33:41   Calculating recalls
2024-07-21 19:33:53   Recalls on < BaseDataset, sf_xl - #database: 8015; #queries: 7993 >: R@1: 94.65, R@5: 97.55, R@10: 98.21, R@100: 99.45
2024-07-21 19:33:53   Finished in 1:15:17
