2024-07-18 22:01:06   Arguments: Namespace(aggregation='netvlad', backbone='dinov2_vitl14', ca_method='gem', clusters=64, dataset_name='nordland', datasets_folder='/root/autodl-tmp', efficient_ram_testing=False, epochs_num=4, features_dim=768, infer_batch_size=64, linear_dim=128, lr=6e-05, num_hiddens=3, num_preds_to_save=0, num_workers=16, patience=3, pca_dataset_folder='pitts30k/images/train', pca_dim=None, queries_name=None, recall_values=[1, 5, 10, 100], resize=[224, 224], resize_test_imgs=False, resume='logs/dinov2_vitb14_netvlad/gsv_cities/NVL_k64_l128_322/best_model.pth', save_dir='logs/dinov2_vitl14_netvlad/nordland/2024-07-18_22-01-06', save_only_wrong_preds=False, seed=0, train_batch_size=32, trainable_layers='8, 9, 10, 11', use_amp16=False, use_ca=False, use_cls=False, use_extra_datasets=False, use_linear=True, use_lora=False, val_positive_dist_threshold=25)
2024-07-18 22:01:06   The outputs are being saved in logs/dinov2_vitl14_netvlad/nordland/2024-07-18_22-01-06
2024-07-18 22:01:06   using MLP layer as FFN
2024-07-18 22:01:11   Resuming model from logs/dinov2_vitb14_netvlad/gsv_cities/NVL_k64_l128_322/best_model.pth
2024-07-18 22:01:12   
Traceback (most recent call last):
  File "eval.py", line 48, in <module>
    model = util.resume_model(args, model)
  File "/root/autodl-tmp/DomainPlaces/utils/util.py", line 33, in resume_model
    model.load_state_dict(state_dict)
  File "/root/miniconda3/envs/binux/lib/python3.8/site-packages/torch/nn/modules/module.py", line 2153, in load_state_dict
    raise RuntimeError('Error(s) in loading state_dict for {}:\n\t{}'.format(
RuntimeError: Error(s) in loading state_dict for VGLNet_Test:
	Missing key(s) in state_dict: "backbone.model.blocks.12.norm1.weight", "backbone.model.blocks.12.norm1.bias", "backbone.model.blocks.12.attn.q.weight", "backbone.model.blocks.12.attn.q.bias", "backbone.model.blocks.12.attn.k.weight", "backbone.model.blocks.12.attn.k.bias", "backbone.model.blocks.12.attn.v.weight", "backbone.model.blocks.12.attn.v.bias", "backbone.model.blocks.12.attn.proj.weight", "backbone.model.blocks.12.attn.proj.bias", "backbone.model.blocks.12.ls1.gamma", "backbone.model.blocks.12.norm2.weight", "backbone.model.blocks.12.norm2.bias", "backbone.model.blocks.12.mlp.fc1.weight", "backbone.model.blocks.12.mlp.fc1.bias", "backbone.model.blocks.12.mlp.fc2.weight", "backbone.model.blocks.12.mlp.fc2.bias", "backbone.model.blocks.12.ls2.gamma", "backbone.model.blocks.13.norm1.weight", "backbone.model.blocks.13.norm1.bias", "backbone.model.blocks.13.attn.q.weight", "backbone.model.blocks.13.attn.q.bias", "backbone.model.blocks.13.attn.k.weight", "backbone.model.blocks.13.attn.k.bias", "backbone.model.blocks.13.attn.v.weight", "backbone.model.blocks.13.attn.v.bias", "backbone.model.blocks.13.attn.proj.weight", "backbone.model.blocks.13.attn.proj.bias", "backbone.model.blocks.13.ls1.gamma", "backbone.model.blocks.13.norm2.weight", "backbone.model.blocks.13.norm2.bias", "backbone.model.blocks.13.mlp.fc1.weight", "backbone.model.blocks.13.mlp.fc1.bias", "backbone.model.blocks.13.mlp.fc2.weight", "backbone.model.blocks.13.mlp.fc2.bias", "backbone.model.blocks.13.ls2.gamma", "backbone.model.blocks.14.norm1.weight", "backbone.model.blocks.14.norm1.bias", "backbone.model.blocks.14.attn.q.weight", "backbone.model.blocks.14.attn.q.bias", "backbone.model.blocks.14.attn.k.weight", "backbone.model.blocks.14.attn.k.bias", "backbone.model.blocks.14.attn.v.weight", "backbone.model.blocks.14.attn.v.bias", "backbone.model.blocks.14.attn.proj.weight", "backbone.model.blocks.14.attn.proj.bias", "backbone.model.blocks.14.ls1.gamma", "backbone.model.blocks.14.norm2.weight", "backbone.model.blocks.14.norm2.bias", "backbone.model.blocks.14.mlp.fc1.weight", "backbone.model.blocks.14.mlp.fc1.bias", "backbone.model.blocks.14.mlp.fc2.weight", "backbone.model.blocks.14.mlp.fc2.bias", "backbone.model.blocks.14.ls2.gamma", "backbone.model.blocks.15.norm1.weight", "backbone.model.blocks.15.norm1.bias", "backbone.model.blocks.15.attn.q.weight", "backbone.model.blocks.15.attn.q.bias", "backbone.model.blocks.15.attn.k.weight", "backbone.model.blocks.15.attn.k.bias", "backbone.model.blocks.15.attn.v.weight", "backbone.model.blocks.15.attn.v.bias", "backbone.model.blocks.15.attn.proj.weight", "backbone.model.blocks.15.attn.proj.bias", "backbone.model.blocks.15.ls1.gamma", "backbone.model.blocks.15.norm2.weight", "backbone.model.blocks.15.norm2.bias", "backbone.model.blocks.15.mlp.fc1.weight", "backbone.model.blocks.15.mlp.fc1.bias", "backbone.model.blocks.15.mlp.fc2.weight", "backbone.model.blocks.15.mlp.fc2.bias", "backbone.model.blocks.15.ls2.gamma", "backbone.model.blocks.16.norm1.weight", "backbone.model.blocks.16.norm1.bias", "backbone.model.blocks.16.attn.q.weight", "backbone.model.blocks.16.attn.q.bias", "backbone.model.blocks.16.attn.k.weight", "backbone.model.blocks.16.attn.k.bias", "backbone.model.blocks.16.attn.v.weight", "backbone.model.blocks.16.attn.v.bias", "backbone.model.blocks.16.attn.proj.weight", "backbone.model.blocks.16.attn.proj.bias", "backbone.model.blocks.16.ls1.gamma", "backbone.model.blocks.16.norm2.weight", "backbone.model.blocks.16.norm2.bias", "backbone.model.blocks.16.mlp.fc1.weight", "backbone.model.blocks.16.mlp.fc1.bias", "backbone.model.blocks.16.mlp.fc2.weight", "backbone.model.blocks.16.mlp.fc2.bias", "backbone.model.blocks.16.ls2.gamma", "backbone.model.blocks.17.norm1.weight", "backbone.model.blocks.17.norm1.bias", "backbone.model.blocks.17.attn.q.weight", "backbone.model.blocks.17.attn.q.bias", "backbone.model.blocks.17.attn.k.weight", "backbone.model.blocks.17.attn.k.bias", "backbone.model.blocks.17.attn.v.weight", "backbone.model.blocks.17.attn.v.bias", "backbone.model.blocks.17.attn.proj.weight", "backbone.model.blocks.17.attn.proj.bias", "backbone.model.blocks.17.ls1.gamma", "backbone.model.blocks.17.norm2.weight", "backbone.model.blocks.17.norm2.bias", "backbone.model.blocks.17.mlp.fc1.weight", "backbone.model.blocks.17.mlp.fc1.bias", "backbone.model.blocks.17.mlp.fc2.weight", "backbone.model.blocks.17.mlp.fc2.bias", "backbone.model.blocks.17.ls2.gamma", "backbone.model.blocks.18.norm1.weight", "backbone.model.blocks.18.norm1.bias", "backbone.model.blocks.18.attn.q.weight", "backbone.model.blocks.18.attn.q.bias", "backbone.model.blocks.18.attn.k.weight", "backbone.model.blocks.18.attn.k.bias", "backbone.model.blocks.18.attn.v.weight", "backbone.model.blocks.18.attn.v.bias", "backbone.model.blocks.18.attn.proj.weight", "backbone.model.blocks.18.attn.proj.bias", "backbone.model.blocks.18.ls1.gamma", "backbone.model.blocks.18.norm2.weight", "backbone.model.blocks.18.norm2.bias", "backbone.model.blocks.18.mlp.fc1.weight", "backbone.model.blocks.18.mlp.fc1.bias", "backbone.model.blocks.18.mlp.fc2.weight", "backbone.model.blocks.18.mlp.fc2.bias", "backbone.model.blocks.18.ls2.gamma", "backbone.model.blocks.19.norm1.weight", "backbone.model.blocks.19.norm1.bias", "backbone.model.blocks.19.attn.q.weight", "backbone.model.blocks.19.attn.q.bias", "backbone.model.blocks.19.attn.k.weight", "backbone.model.blocks.19.attn.k.bias", "backbone.model.blocks.19.attn.v.weight", "backbone.model.blocks.19.attn.v.bias", "backbone.model.blocks.19.attn.proj.weight", "backbone.model.blocks.19.attn.proj.bias", "backbone.model.blocks.19.ls1.gamma", "backbone.model.blocks.19.norm2.weight", "backbone.model.blocks.19.norm2.bias", "backbone.model.blocks.19.mlp.fc1.weight", "backbone.model.blocks.19.mlp.fc1.bias", "backbone.model.blocks.19.mlp.fc2.weight", "backbone.model.blocks.19.mlp.fc2.bias", "backbone.model.blocks.19.ls2.gamma", "backbone.model.blocks.20.norm1.weight", "backbone.model.blocks.20.norm1.bias", "backbone.model.blocks.20.attn.q.weight", "backbone.model.blocks.20.attn.q.bias", "backbone.model.blocks.20.attn.k.weight", "backbone.model.blocks.20.attn.k.bias", "backbone.model.blocks.20.attn.v.weight", "backbone.model.blocks.20.attn.v.bias", "backbone.model.blocks.20.attn.proj.weight", "backbone.model.blocks.20.attn.proj.bias", "backbone.model.blocks.20.ls1.gamma", "backbone.model.blocks.20.norm2.weight", "backbone.model.blocks.20.norm2.bias", "backbone.model.blocks.20.mlp.fc1.weight", "backbone.model.blocks.20.mlp.fc1.bias", "backbone.model.blocks.20.mlp.fc2.weight", "backbone.model.blocks.20.mlp.fc2.bias", "backbone.model.blocks.20.ls2.gamma", "backbone.model.blocks.21.norm1.weight", "backbone.model.blocks.21.norm1.bias", "backbone.model.blocks.21.attn.q.weight", "backbone.model.blocks.21.attn.q.bias", "backbone.model.blocks.21.attn.k.weight", "backbone.model.blocks.21.attn.k.bias", "backbone.model.blocks.21.attn.v.weight", "backbone.model.blocks.21.attn.v.bias", "backbone.model.blocks.21.attn.proj.weight", "backbone.model.blocks.21.attn.proj.bias", "backbone.model.blocks.21.ls1.gamma", "backbone.model.blocks.21.norm2.weight", "backbone.model.blocks.21.norm2.bias", "backbone.model.blocks.21.mlp.fc1.weight", "backbone.model.blocks.21.mlp.fc1.bias", "backbone.model.blocks.21.mlp.fc2.weight", "backbone.model.blocks.21.mlp.fc2.bias", "backbone.model.blocks.21.ls2.gamma", "backbone.model.blocks.22.norm1.weight", "backbone.model.blocks.22.norm1.bias", "backbone.model.blocks.22.attn.q.weight", "backbone.model.blocks.22.attn.q.bias", "backbone.model.blocks.22.attn.k.weight", "backbone.model.blocks.22.attn.k.bias", "backbone.model.blocks.22.attn.v.weight", "backbone.model.blocks.22.attn.v.bias", "backbone.model.blocks.22.attn.proj.weight", "backbone.model.blocks.22.attn.proj.bias", "backbone.model.blocks.22.ls1.gamma", "backbone.model.blocks.22.norm2.weight", "backbone.model.blocks.22.norm2.bias", "backbone.model.blocks.22.mlp.fc1.weight", "backbone.model.blocks.22.mlp.fc1.bias", "backbone.model.blocks.22.mlp.fc2.weight", "backbone.model.blocks.22.mlp.fc2.bias", "backbone.model.blocks.22.ls2.gamma", "backbone.model.blocks.23.norm1.weight", "backbone.model.blocks.23.norm1.bias", "backbone.model.blocks.23.attn.q.weight", "backbone.model.blocks.23.attn.q.bias", "backbone.model.blocks.23.attn.k.weight", "backbone.model.blocks.23.attn.k.bias", "backbone.model.blocks.23.attn.v.weight", "backbone.model.blocks.23.attn.v.bias", "backbone.model.blocks.23.attn.proj.weight", "backbone.model.blocks.23.attn.proj.bias", "backbone.model.blocks.23.ls1.gamma", "backbone.model.blocks.23.norm2.weight", "backbone.model.blocks.23.norm2.bias", "backbone.model.blocks.23.mlp.fc1.weight", "backbone.model.blocks.23.mlp.fc1.bias", "backbone.model.blocks.23.mlp.fc2.weight", "backbone.model.blocks.23.mlp.fc2.bias", "backbone.model.blocks.23.ls2.gamma". 
	size mismatch for backbone.model.cls_token: copying a param with shape torch.Size([1, 1, 768]) from checkpoint, the shape in current model is torch.Size([1, 1, 1024]).
	size mismatch for backbone.model.pos_embed: copying a param with shape torch.Size([1, 1370, 768]) from checkpoint, the shape in current model is torch.Size([1, 1370, 1024]).
	size mismatch for backbone.model.mask_token: copying a param with shape torch.Size([1, 768]) from checkpoint, the shape in current model is torch.Size([1, 1024]).
	size mismatch for backbone.model.patch_embed.proj.weight: copying a param with shape torch.Size([768, 3, 14, 14]) from checkpoint, the shape in current model is torch.Size([1024, 3, 14, 14]).
	size mismatch for backbone.model.patch_embed.proj.bias: copying a param with shape torch.Size([768]) from checkpoint, the shape in current model is torch.Size([1024]).
	size mismatch for backbone.model.blocks.0.norm1.weight: copying a param with shape torch.Size([768]) from checkpoint, the shape in current model is torch.Size([1024]).
	size mismatch for backbone.model.blocks.0.norm1.bias: copying a param with shape torch.Size([768]) from checkpoint, the shape in current model is torch.Size([1024]).
	size mismatch for backbone.model.blocks.0.attn.q.weight: copying a param with shape torch.Size([768, 768]) from checkpoint, the shape in current model is torch.Size([1024, 1024]).
	size mismatch for backbone.model.blocks.0.attn.q.bias: copying a param with shape torch.Size([768]) from checkpoint, the shape in current model is torch.Size([1024]).
	size mismatch for backbone.model.blocks.0.attn.k.weight: copying a param with shape torch.Size([768, 768]) from checkpoint, the shape in current model is torch.Size([1024, 1024]).
	size mismatch for backbone.model.blocks.0.attn.k.bias: copying a param with shape torch.Size([768]) from checkpoint, the shape in current model is torch.Size([1024]).
	size mismatch for backbone.model.blocks.0.attn.v.weight: copying a param with shape torch.Size([768, 768]) from checkpoint, the shape in current model is torch.Size([1024, 1024]).
	size mismatch for backbone.model.blocks.0.attn.v.bias: copying a param with shape torch.Size([768]) from checkpoint, the shape in current model is torch.Size([1024]).
	size mismatch for backbone.model.blocks.0.attn.proj.weight: copying a param with shape torch.Size([768, 768]) from checkpoint, the shape in current model is torch.Size([1024, 1024]).
	size mismatch for backbone.model.blocks.0.attn.proj.bias: copying a param with shape torch.Size([768]) from checkpoint, the shape in current model is torch.Size([1024]).
	size mismatch for backbone.model.blocks.0.ls1.gamma: copying a param with shape torch.Size([768]) from checkpoint, the shape in current model is torch.Size([1024]).
	size mismatch for backbone.model.blocks.0.norm2.weight: copying a param with shape torch.Size([768]) from checkpoint, the shape in current model is torch.Size([1024]).
	size mismatch for backbone.model.blocks.0.norm2.bias: copying a param with shape torch.Size([768]) from checkpoint, the shape in current model is torch.Size([1024]).
	size mismatch for backbone.model.blocks.0.mlp.fc1.weight: copying a param with shape torch.Size([3072, 768]) from checkpoint, the shape in current model is torch.Size([4096, 1024]).
	size mismatch for backbone.model.blocks.0.mlp.fc1.bias: copying a param with shape torch.Size([3072]) from checkpoint, the shape in current model is torch.Size([4096]).
	size mismatch for backbone.model.blocks.0.mlp.fc2.weight: copying a param with shape torch.Size([768, 3072]) from checkpoint, the shape in current model is torch.Size([1024, 4096]).
	size mismatch for backbone.model.blocks.0.mlp.fc2.bias: copying a param with shape torch.Size([768]) from checkpoint, the shape in current model is torch.Size([1024]).
	size mismatch for backbone.model.blocks.0.ls2.gamma: copying a param with shape torch.Size([768]) from checkpoint, the shape in current model is torch.Size([1024]).
	size mismatch for backbone.model.blocks.1.norm1.weight: copying a param with shape torch.Size([768]) from checkpoint, the shape in current model is torch.Size([1024]).
	size mismatch for backbone.model.blocks.1.norm1.bias: copying a param with shape torch.Size([768]) from checkpoint, the shape in current model is torch.Size([1024]).
	size mismatch for backbone.model.blocks.1.attn.q.weight: copying a param with shape torch.Size([768, 768]) from checkpoint, the shape in current model is torch.Size([1024, 1024]).
	size mismatch for backbone.model.blocks.1.attn.q.bias: copying a param with shape torch.Size([768]) from checkpoint, the shape in current model is torch.Size([1024]).
	size mismatch for backbone.model.blocks.1.attn.k.weight: copying a param with shape torch.Size([768, 768]) from checkpoint, the shape in current model is torch.Size([1024, 1024]).
	size mismatch for backbone.model.blocks.1.attn.k.bias: copying a param with shape torch.Size([768]) from checkpoint, the shape in current model is torch.Size([1024]).
	size mismatch for backbone.model.blocks.1.attn.v.weight: copying a param with shape torch.Size([768, 768]) from checkpoint, the shape in current model is torch.Size([1024, 1024]).
	size mismatch for backbone.model.blocks.1.attn.v.bias: copying a param with shape torch.Size([768]) from checkpoint, the shape in current model is torch.Size([1024]).
	size mismatch for backbone.model.blocks.1.attn.proj.weight: copying a param with shape torch.Size([768, 768]) from checkpoint, the shape in current model is torch.Size([1024, 1024]).
	size mismatch for backbone.model.blocks.1.attn.proj.bias: copying a param with shape torch.Size([768]) from checkpoint, the shape in current model is torch.Size([1024]).
	size mismatch for backbone.model.blocks.1.ls1.gamma: copying a param with shape torch.Size([768]) from checkpoint, the shape in current model is torch.Size([1024]).
	size mismatch for backbone.model.blocks.1.norm2.weight: copying a param with shape torch.Size([768]) from checkpoint, the shape in current model is torch.Size([1024]).
	size mismatch for backbone.model.blocks.1.norm2.bias: copying a param with shape torch.Size([768]) from checkpoint, the shape in current model is torch.Size([1024]).
	size mismatch for backbone.model.blocks.1.mlp.fc1.weight: copying a param with shape torch.Size([3072, 768]) from checkpoint, the shape in current model is torch.Size([4096, 1024]).
	size mismatch for backbone.model.blocks.1.mlp.fc1.bias: copying a param with shape torch.Size([3072]) from checkpoint, the shape in current model is torch.Size([4096]).
	size mismatch for backbone.model.blocks.1.mlp.fc2.weight: copying a param with shape torch.Size([768, 3072]) from checkpoint, the shape in current model is torch.Size([1024, 4096]).
	size mismatch for backbone.model.blocks.1.mlp.fc2.bias: copying a param with shape torch.Size([768]) from checkpoint, the shape in current model is torch.Size([1024]).
	size mismatch for backbone.model.blocks.1.ls2.gamma: copying a param with shape torch.Size([768]) from checkpoint, the shape in current model is torch.Size([1024]).
	size mismatch for backbone.model.blocks.2.norm1.weight: copying a param with shape torch.Size([768]) from checkpoint, the shape in current model is torch.Size([1024]).
	size mismatch for backbone.model.blocks.2.norm1.bias: copying a param with shape torch.Size([768]) from checkpoint, the shape in current model is torch.Size([1024]).
	size mismatch for backbone.model.blocks.2.attn.q.weight: copying a param with shape torch.Size([768, 768]) from checkpoint, the shape in current model is torch.Size([1024, 1024]).
	size mismatch for backbone.model.blocks.2.attn.q.bias: copying a param with shape torch.Size([768]) from checkpoint, the shape in current model is torch.Size([1024]).
	size mismatch for backbone.model.blocks.2.attn.k.weight: copying a param with shape torch.Size([768, 768]) from checkpoint, the shape in current model is torch.Size([1024, 1024]).
	size mismatch for backbone.model.blocks.2.attn.k.bias: copying a param with shape torch.Size([768]) from checkpoint, the shape in current model is torch.Size([1024]).
	size mismatch for backbone.model.blocks.2.attn.v.weight: copying a param with shape torch.Size([768, 768]) from checkpoint, the shape in current model is torch.Size([1024, 1024]).
	size mismatch for backbone.model.blocks.2.attn.v.bias: copying a param with shape torch.Size([768]) from checkpoint, the shape in current model is torch.Size([1024]).
	size mismatch for backbone.model.blocks.2.attn.proj.weight: copying a param with shape torch.Size([768, 768]) from checkpoint, the shape in current model is torch.Size([1024, 1024]).
	size mismatch for backbone.model.blocks.2.attn.proj.bias: copying a param with shape torch.Size([768]) from checkpoint, the shape in current model is torch.Size([1024]).
	size mismatch for backbone.model.blocks.2.ls1.gamma: copying a param with shape torch.Size([768]) from checkpoint, the shape in current model is torch.Size([1024]).
	size mismatch for backbone.model.blocks.2.norm2.weight: copying a param with shape torch.Size([768]) from checkpoint, the shape in current model is torch.Size([1024]).
	size mismatch for backbone.model.blocks.2.norm2.bias: copying a param with shape torch.Size([768]) from checkpoint, the shape in current model is torch.Size([1024]).
	size mismatch for backbone.model.blocks.2.mlp.fc1.weight: copying a param with shape torch.Size([3072, 768]) from checkpoint, the shape in current model is torch.Size([4096, 1024]).
	size mismatch for backbone.model.blocks.2.mlp.fc1.bias: copying a param with shape torch.Size([3072]) from checkpoint, the shape in current model is torch.Size([4096]).
	size mismatch for backbone.model.blocks.2.mlp.fc2.weight: copying a param with shape torch.Size([768, 3072]) from checkpoint, the shape in current model is torch.Size([1024, 4096]).
	size mismatch for backbone.model.blocks.2.mlp.fc2.bias: copying a param with shape torch.Size([768]) from checkpoint, the shape in current model is torch.Size([1024]).
	size mismatch for backbone.model.blocks.2.ls2.gamma: copying a param with shape torch.Size([768]) from checkpoint, the shape in current model is torch.Size([1024]).
	size mismatch for backbone.model.blocks.3.norm1.weight: copying a param with shape torch.Size([768]) from checkpoint, the shape in current model is torch.Size([1024]).
	size mismatch for backbone.model.blocks.3.norm1.bias: copying a param with shape torch.Size([768]) from checkpoint, the shape in current model is torch.Size([1024]).
	size mismatch for backbone.model.blocks.3.attn.q.weight: copying a param with shape torch.Size([768, 768]) from checkpoint, the shape in current model is torch.Size([1024, 1024]).
	size mismatch for backbone.model.blocks.3.attn.q.bias: copying a param with shape torch.Size([768]) from checkpoint, the shape in current model is torch.Size([1024]).
	size mismatch for backbone.model.blocks.3.attn.k.weight: copying a param with shape torch.Size([768, 768]) from checkpoint, the shape in current model is torch.Size([1024, 1024]).
	size mismatch for backbone.model.blocks.3.attn.k.bias: copying a param with shape torch.Size([768]) from checkpoint, the shape in current model is torch.Size([1024]).
	size mismatch for backbone.model.blocks.3.attn.v.weight: copying a param with shape torch.Size([768, 768]) from checkpoint, the shape in current model is torch.Size([1024, 1024]).
	size mismatch for backbone.model.blocks.3.attn.v.bias: copying a param with shape torch.Size([768]) from checkpoint, the shape in current model is torch.Size([1024]).
	size mismatch for backbone.model.blocks.3.attn.proj.weight: copying a param with shape torch.Size([768, 768]) from checkpoint, the shape in current model is torch.Size([1024, 1024]).
	size mismatch for backbone.model.blocks.3.attn.proj.bias: copying a param with shape torch.Size([768]) from checkpoint, the shape in current model is torch.Size([1024]).
	size mismatch for backbone.model.blocks.3.ls1.gamma: copying a param with shape torch.Size([768]) from checkpoint, the shape in current model is torch.Size([1024]).
	size mismatch for backbone.model.blocks.3.norm2.weight: copying a param with shape torch.Size([768]) from checkpoint, the shape in current model is torch.Size([1024]).
	size mismatch for backbone.model.blocks.3.norm2.bias: copying a param with shape torch.Size([768]) from checkpoint, the shape in current model is torch.Size([1024]).
	size mismatch for backbone.model.blocks.3.mlp.fc1.weight: copying a param with shape torch.Size([3072, 768]) from checkpoint, the shape in current model is torch.Size([4096, 1024]).
	size mismatch for backbone.model.blocks.3.mlp.fc1.bias: copying a param with shape torch.Size([3072]) from checkpoint, the shape in current model is torch.Size([4096]).
	size mismatch for backbone.model.blocks.3.mlp.fc2.weight: copying a param with shape torch.Size([768, 3072]) from checkpoint, the shape in current model is torch.Size([1024, 4096]).
	size mismatch for backbone.model.blocks.3.mlp.fc2.bias: copying a param with shape torch.Size([768]) from checkpoint, the shape in current model is torch.Size([1024]).
	size mismatch for backbone.model.blocks.3.ls2.gamma: copying a param with shape torch.Size([768]) from checkpoint, the shape in current model is torch.Size([1024]).
	size mismatch for backbone.model.blocks.4.norm1.weight: copying a param with shape torch.Size([768]) from checkpoint, the shape in current model is torch.Size([1024]).
	size mismatch for backbone.model.blocks.4.norm1.bias: copying a param with shape torch.Size([768]) from checkpoint, the shape in current model is torch.Size([1024]).
	size mismatch for backbone.model.blocks.4.attn.q.weight: copying a param with shape torch.Size([768, 768]) from checkpoint, the shape in current model is torch.Size([1024, 1024]).
	size mismatch for backbone.model.blocks.4.attn.q.bias: copying a param with shape torch.Size([768]) from checkpoint, the shape in current model is torch.Size([1024]).
	size mismatch for backbone.model.blocks.4.attn.k.weight: copying a param with shape torch.Size([768, 768]) from checkpoint, the shape in current model is torch.Size([1024, 1024]).
	size mismatch for backbone.model.blocks.4.attn.k.bias: copying a param with shape torch.Size([768]) from checkpoint, the shape in current model is torch.Size([1024]).
	size mismatch for backbone.model.blocks.4.attn.v.weight: copying a param with shape torch.Size([768, 768]) from checkpoint, the shape in current model is torch.Size([1024, 1024]).
	size mismatch for backbone.model.blocks.4.attn.v.bias: copying a param with shape torch.Size([768]) from checkpoint, the shape in current model is torch.Size([1024]).
	size mismatch for backbone.model.blocks.4.attn.proj.weight: copying a param with shape torch.Size([768, 768]) from checkpoint, the shape in current model is torch.Size([1024, 1024]).
	size mismatch for backbone.model.blocks.4.attn.proj.bias: copying a param with shape torch.Size([768]) from checkpoint, the shape in current model is torch.Size([1024]).
	size mismatch for backbone.model.blocks.4.ls1.gamma: copying a param with shape torch.Size([768]) from checkpoint, the shape in current model is torch.Size([1024]).
	size mismatch for backbone.model.blocks.4.norm2.weight: copying a param with shape torch.Size([768]) from checkpoint, the shape in current model is torch.Size([1024]).
	size mismatch for backbone.model.blocks.4.norm2.bias: copying a param with shape torch.Size([768]) from checkpoint, the shape in current model is torch.Size([1024]).
	size mismatch for backbone.model.blocks.4.mlp.fc1.weight: copying a param with shape torch.Size([3072, 768]) from checkpoint, the shape in current model is torch.Size([4096, 1024]).
	size mismatch for backbone.model.blocks.4.mlp.fc1.bias: copying a param with shape torch.Size([3072]) from checkpoint, the shape in current model is torch.Size([4096]).
	size mismatch for backbone.model.blocks.4.mlp.fc2.weight: copying a param with shape torch.Size([768, 3072]) from checkpoint, the shape in current model is torch.Size([1024, 4096]).
	size mismatch for backbone.model.blocks.4.mlp.fc2.bias: copying a param with shape torch.Size([768]) from checkpoint, the shape in current model is torch.Size([1024]).
	size mismatch for backbone.model.blocks.4.ls2.gamma: copying a param with shape torch.Size([768]) from checkpoint, the shape in current model is torch.Size([1024]).
	size mismatch for backbone.model.blocks.5.norm1.weight: copying a param with shape torch.Size([768]) from checkpoint, the shape in current model is torch.Size([1024]).
	size mismatch for backbone.model.blocks.5.norm1.bias: copying a param with shape torch.Size([768]) from checkpoint, the shape in current model is torch.Size([1024]).
	size mismatch for backbone.model.blocks.5.attn.q.weight: copying a param with shape torch.Size([768, 768]) from checkpoint, the shape in current model is torch.Size([1024, 1024]).
	size mismatch for backbone.model.blocks.5.attn.q.bias: copying a param with shape torch.Size([768]) from checkpoint, the shape in current model is torch.Size([1024]).
	size mismatch for backbone.model.blocks.5.attn.k.weight: copying a param with shape torch.Size([768, 768]) from checkpoint, the shape in current model is torch.Size([1024, 1024]).
	size mismatch for backbone.model.blocks.5.attn.k.bias: copying a param with shape torch.Size([768]) from checkpoint, the shape in current model is torch.Size([1024]).
	size mismatch for backbone.model.blocks.5.attn.v.weight: copying a param with shape torch.Size([768, 768]) from checkpoint, the shape in current model is torch.Size([1024, 1024]).
	size mismatch for backbone.model.blocks.5.attn.v.bias: copying a param with shape torch.Size([768]) from checkpoint, the shape in current model is torch.Size([1024]).
	size mismatch for backbone.model.blocks.5.attn.proj.weight: copying a param with shape torch.Size([768, 768]) from checkpoint, the shape in current model is torch.Size([1024, 1024]).
	size mismatch for backbone.model.blocks.5.attn.proj.bias: copying a param with shape torch.Size([768]) from checkpoint, the shape in current model is torch.Size([1024]).
	size mismatch for backbone.model.blocks.5.ls1.gamma: copying a param with shape torch.Size([768]) from checkpoint, the shape in current model is torch.Size([1024]).
	size mismatch for backbone.model.blocks.5.norm2.weight: copying a param with shape torch.Size([768]) from checkpoint, the shape in current model is torch.Size([1024]).
	size mismatch for backbone.model.blocks.5.norm2.bias: copying a param with shape torch.Size([768]) from checkpoint, the shape in current model is torch.Size([1024]).
	size mismatch for backbone.model.blocks.5.mlp.fc1.weight: copying a param with shape torch.Size([3072, 768]) from checkpoint, the shape in current model is torch.Size([4096, 1024]).
	size mismatch for backbone.model.blocks.5.mlp.fc1.bias: copying a param with shape torch.Size([3072]) from checkpoint, the shape in current model is torch.Size([4096]).
	size mismatch for backbone.model.blocks.5.mlp.fc2.weight: copying a param with shape torch.Size([768, 3072]) from checkpoint, the shape in current model is torch.Size([1024, 4096]).
	size mismatch for backbone.model.blocks.5.mlp.fc2.bias: copying a param with shape torch.Size([768]) from checkpoint, the shape in current model is torch.Size([1024]).
	size mismatch for backbone.model.blocks.5.ls2.gamma: copying a param with shape torch.Size([768]) from checkpoint, the shape in current model is torch.Size([1024]).
	size mismatch for backbone.model.blocks.6.norm1.weight: copying a param with shape torch.Size([768]) from checkpoint, the shape in current model is torch.Size([1024]).
	size mismatch for backbone.model.blocks.6.norm1.bias: copying a param with shape torch.Size([768]) from checkpoint, the shape in current model is torch.Size([1024]).
	size mismatch for backbone.model.blocks.6.attn.q.weight: copying a param with shape torch.Size([768, 768]) from checkpoint, the shape in current model is torch.Size([1024, 1024]).
	size mismatch for backbone.model.blocks.6.attn.q.bias: copying a param with shape torch.Size([768]) from checkpoint, the shape in current model is torch.Size([1024]).
	size mismatch for backbone.model.blocks.6.attn.k.weight: copying a param with shape torch.Size([768, 768]) from checkpoint, the shape in current model is torch.Size([1024, 1024]).
	size mismatch for backbone.model.blocks.6.attn.k.bias: copying a param with shape torch.Size([768]) from checkpoint, the shape in current model is torch.Size([1024]).
	size mismatch for backbone.model.blocks.6.attn.v.weight: copying a param with shape torch.Size([768, 768]) from checkpoint, the shape in current model is torch.Size([1024, 1024]).
	size mismatch for backbone.model.blocks.6.attn.v.bias: copying a param with shape torch.Size([768]) from checkpoint, the shape in current model is torch.Size([1024]).
	size mismatch for backbone.model.blocks.6.attn.proj.weight: copying a param with shape torch.Size([768, 768]) from checkpoint, the shape in current model is torch.Size([1024, 1024]).
	size mismatch for backbone.model.blocks.6.attn.proj.bias: copying a param with shape torch.Size([768]) from checkpoint, the shape in current model is torch.Size([1024]).
	size mismatch for backbone.model.blocks.6.ls1.gamma: copying a param with shape torch.Size([768]) from checkpoint, the shape in current model is torch.Size([1024]).
	size mismatch for backbone.model.blocks.6.norm2.weight: copying a param with shape torch.Size([768]) from checkpoint, the shape in current model is torch.Size([1024]).
	size mismatch for backbone.model.blocks.6.norm2.bias: copying a param with shape torch.Size([768]) from checkpoint, the shape in current model is torch.Size([1024]).
	size mismatch for backbone.model.blocks.6.mlp.fc1.weight: copying a param with shape torch.Size([3072, 768]) from checkpoint, the shape in current model is torch.Size([4096, 1024]).
	size mismatch for backbone.model.blocks.6.mlp.fc1.bias: copying a param with shape torch.Size([3072]) from checkpoint, the shape in current model is torch.Size([4096]).
	size mismatch for backbone.model.blocks.6.mlp.fc2.weight: copying a param with shape torch.Size([768, 3072]) from checkpoint, the shape in current model is torch.Size([1024, 4096]).
	size mismatch for backbone.model.blocks.6.mlp.fc2.bias: copying a param with shape torch.Size([768]) from checkpoint, the shape in current model is torch.Size([1024]).
	size mismatch for backbone.model.blocks.6.ls2.gamma: copying a param with shape torch.Size([768]) from checkpoint, the shape in current model is torch.Size([1024]).
	size mismatch for backbone.model.blocks.7.norm1.weight: copying a param with shape torch.Size([768]) from checkpoint, the shape in current model is torch.Size([1024]).
	size mismatch for backbone.model.blocks.7.norm1.bias: copying a param with shape torch.Size([768]) from checkpoint, the shape in current model is torch.Size([1024]).
	size mismatch for backbone.model.blocks.7.attn.q.weight: copying a param with shape torch.Size([768, 768]) from checkpoint, the shape in current model is torch.Size([1024, 1024]).
	size mismatch for backbone.model.blocks.7.attn.q.bias: copying a param with shape torch.Size([768]) from checkpoint, the shape in current model is torch.Size([1024]).
	size mismatch for backbone.model.blocks.7.attn.k.weight: copying a param with shape torch.Size([768, 768]) from checkpoint, the shape in current model is torch.Size([1024, 1024]).
	size mismatch for backbone.model.blocks.7.attn.k.bias: copying a param with shape torch.Size([768]) from checkpoint, the shape in current model is torch.Size([1024]).
	size mismatch for backbone.model.blocks.7.attn.v.weight: copying a param with shape torch.Size([768, 768]) from checkpoint, the shape in current model is torch.Size([1024, 1024]).
	size mismatch for backbone.model.blocks.7.attn.v.bias: copying a param with shape torch.Size([768]) from checkpoint, the shape in current model is torch.Size([1024]).
	size mismatch for backbone.model.blocks.7.attn.proj.weight: copying a param with shape torch.Size([768, 768]) from checkpoint, the shape in current model is torch.Size([1024, 1024]).
	size mismatch for backbone.model.blocks.7.attn.proj.bias: copying a param with shape torch.Size([768]) from checkpoint, the shape in current model is torch.Size([1024]).
	size mismatch for backbone.model.blocks.7.ls1.gamma: copying a param with shape torch.Size([768]) from checkpoint, the shape in current model is torch.Size([1024]).
	size mismatch for backbone.model.blocks.7.norm2.weight: copying a param with shape torch.Size([768]) from checkpoint, the shape in current model is torch.Size([1024]).
	size mismatch for backbone.model.blocks.7.norm2.bias: copying a param with shape torch.Size([768]) from checkpoint, the shape in current model is torch.Size([1024]).
	size mismatch for backbone.model.blocks.7.mlp.fc1.weight: copying a param with shape torch.Size([3072, 768]) from checkpoint, the shape in current model is torch.Size([4096, 1024]).
	size mismatch for backbone.model.blocks.7.mlp.fc1.bias: copying a param with shape torch.Size([3072]) from checkpoint, the shape in current model is torch.Size([4096]).
	size mismatch for backbone.model.blocks.7.mlp.fc2.weight: copying a param with shape torch.Size([768, 3072]) from checkpoint, the shape in current model is torch.Size([1024, 4096]).
	size mismatch for backbone.model.blocks.7.mlp.fc2.bias: copying a param with shape torch.Size([768]) from checkpoint, the shape in current model is torch.Size([1024]).
	size mismatch for backbone.model.blocks.7.ls2.gamma: copying a param with shape torch.Size([768]) from checkpoint, the shape in current model is torch.Size([1024]).
	size mismatch for backbone.model.blocks.8.norm1.weight: copying a param with shape torch.Size([768]) from checkpoint, the shape in current model is torch.Size([1024]).
	size mismatch for backbone.model.blocks.8.norm1.bias: copying a param with shape torch.Size([768]) from checkpoint, the shape in current model is torch.Size([1024]).
	size mismatch for backbone.model.blocks.8.attn.q.weight: copying a param with shape torch.Size([768, 768]) from checkpoint, the shape in current model is torch.Size([1024, 1024]).
	size mismatch for backbone.model.blocks.8.attn.q.bias: copying a param with shape torch.Size([768]) from checkpoint, the shape in current model is torch.Size([1024]).
	size mismatch for backbone.model.blocks.8.attn.k.weight: copying a param with shape torch.Size([768, 768]) from checkpoint, the shape in current model is torch.Size([1024, 1024]).
	size mismatch for backbone.model.blocks.8.attn.k.bias: copying a param with shape torch.Size([768]) from checkpoint, the shape in current model is torch.Size([1024]).
	size mismatch for backbone.model.blocks.8.attn.v.weight: copying a param with shape torch.Size([768, 768]) from checkpoint, the shape in current model is torch.Size([1024, 1024]).
	size mismatch for backbone.model.blocks.8.attn.v.bias: copying a param with shape torch.Size([768]) from checkpoint, the shape in current model is torch.Size([1024]).
	size mismatch for backbone.model.blocks.8.attn.proj.weight: copying a param with shape torch.Size([768, 768]) from checkpoint, the shape in current model is torch.Size([1024, 1024]).
	size mismatch for backbone.model.blocks.8.attn.proj.bias: copying a param with shape torch.Size([768]) from checkpoint, the shape in current model is torch.Size([1024]).
	size mismatch for backbone.model.blocks.8.ls1.gamma: copying a param with shape torch.Size([768]) from checkpoint, the shape in current model is torch.Size([1024]).
	size mismatch for backbone.model.blocks.8.norm2.weight: copying a param with shape torch.Size([768]) from checkpoint, the shape in current model is torch.Size([1024]).
	size mismatch for backbone.model.blocks.8.norm2.bias: copying a param with shape torch.Size([768]) from checkpoint, the shape in current model is torch.Size([1024]).
	size mismatch for backbone.model.blocks.8.mlp.fc1.weight: copying a param with shape torch.Size([3072, 768]) from checkpoint, the shape in current model is torch.Size([4096, 1024]).
	size mismatch for backbone.model.blocks.8.mlp.fc1.bias: copying a param with shape torch.Size([3072]) from checkpoint, the shape in current model is torch.Size([4096]).
	size mismatch for backbone.model.blocks.8.mlp.fc2.weight: copying a param with shape torch.Size([768, 3072]) from checkpoint, the shape in current model is torch.Size([1024, 4096]).
	size mismatch for backbone.model.blocks.8.mlp.fc2.bias: copying a param with shape torch.Size([768]) from checkpoint, the shape in current model is torch.Size([1024]).
	size mismatch for backbone.model.blocks.8.ls2.gamma: copying a param with shape torch.Size([768]) from checkpoint, the shape in current model is torch.Size([1024]).
	size mismatch for backbone.model.blocks.9.norm1.weight: copying a param with shape torch.Size([768]) from checkpoint, the shape in current model is torch.Size([1024]).
	size mismatch for backbone.model.blocks.9.norm1.bias: copying a param with shape torch.Size([768]) from checkpoint, the shape in current model is torch.Size([1024]).
	size mismatch for backbone.model.blocks.9.attn.q.weight: copying a param with shape torch.Size([768, 768]) from checkpoint, the shape in current model is torch.Size([1024, 1024]).
	size mismatch for backbone.model.blocks.9.attn.q.bias: copying a param with shape torch.Size([768]) from checkpoint, the shape in current model is torch.Size([1024]).
	size mismatch for backbone.model.blocks.9.attn.k.weight: copying a param with shape torch.Size([768, 768]) from checkpoint, the shape in current model is torch.Size([1024, 1024]).
	size mismatch for backbone.model.blocks.9.attn.k.bias: copying a param with shape torch.Size([768]) from checkpoint, the shape in current model is torch.Size([1024]).
	size mismatch for backbone.model.blocks.9.attn.v.weight: copying a param with shape torch.Size([768, 768]) from checkpoint, the shape in current model is torch.Size([1024, 1024]).
	size mismatch for backbone.model.blocks.9.attn.v.bias: copying a param with shape torch.Size([768]) from checkpoint, the shape in current model is torch.Size([1024]).
	size mismatch for backbone.model.blocks.9.attn.proj.weight: copying a param with shape torch.Size([768, 768]) from checkpoint, the shape in current model is torch.Size([1024, 1024]).
	size mismatch for backbone.model.blocks.9.attn.proj.bias: copying a param with shape torch.Size([768]) from checkpoint, the shape in current model is torch.Size([1024]).
	size mismatch for backbone.model.blocks.9.ls1.gamma: copying a param with shape torch.Size([768]) from checkpoint, the shape in current model is torch.Size([1024]).
	size mismatch for backbone.model.blocks.9.norm2.weight: copying a param with shape torch.Size([768]) from checkpoint, the shape in current model is torch.Size([1024]).
	size mismatch for backbone.model.blocks.9.norm2.bias: copying a param with shape torch.Size([768]) from checkpoint, the shape in current model is torch.Size([1024]).
	size mismatch for backbone.model.blocks.9.mlp.fc1.weight: copying a param with shape torch.Size([3072, 768]) from checkpoint, the shape in current model is torch.Size([4096, 1024]).
	size mismatch for backbone.model.blocks.9.mlp.fc1.bias: copying a param with shape torch.Size([3072]) from checkpoint, the shape in current model is torch.Size([4096]).
	size mismatch for backbone.model.blocks.9.mlp.fc2.weight: copying a param with shape torch.Size([768, 3072]) from checkpoint, the shape in current model is torch.Size([1024, 4096]).
	size mismatch for backbone.model.blocks.9.mlp.fc2.bias: copying a param with shape torch.Size([768]) from checkpoint, the shape in current model is torch.Size([1024]).
	size mismatch for backbone.model.blocks.9.ls2.gamma: copying a param with shape torch.Size([768]) from checkpoint, the shape in current model is torch.Size([1024]).
	size mismatch for backbone.model.blocks.10.norm1.weight: copying a param with shape torch.Size([768]) from checkpoint, the shape in current model is torch.Size([1024]).
	size mismatch for backbone.model.blocks.10.norm1.bias: copying a param with shape torch.Size([768]) from checkpoint, the shape in current model is torch.Size([1024]).
	size mismatch for backbone.model.blocks.10.attn.q.weight: copying a param with shape torch.Size([768, 768]) from checkpoint, the shape in current model is torch.Size([1024, 1024]).
	size mismatch for backbone.model.blocks.10.attn.q.bias: copying a param with shape torch.Size([768]) from checkpoint, the shape in current model is torch.Size([1024]).
	size mismatch for backbone.model.blocks.10.attn.k.weight: copying a param with shape torch.Size([768, 768]) from checkpoint, the shape in current model is torch.Size([1024, 1024]).
	size mismatch for backbone.model.blocks.10.attn.k.bias: copying a param with shape torch.Size([768]) from checkpoint, the shape in current model is torch.Size([1024]).
	size mismatch for backbone.model.blocks.10.attn.v.weight: copying a param with shape torch.Size([768, 768]) from checkpoint, the shape in current model is torch.Size([1024, 1024]).
	size mismatch for backbone.model.blocks.10.attn.v.bias: copying a param with shape torch.Size([768]) from checkpoint, the shape in current model is torch.Size([1024]).
	size mismatch for backbone.model.blocks.10.attn.proj.weight: copying a param with shape torch.Size([768, 768]) from checkpoint, the shape in current model is torch.Size([1024, 1024]).
	size mismatch for backbone.model.blocks.10.attn.proj.bias: copying a param with shape torch.Size([768]) from checkpoint, the shape in current model is torch.Size([1024]).
	size mismatch for backbone.model.blocks.10.ls1.gamma: copying a param with shape torch.Size([768]) from checkpoint, the shape in current model is torch.Size([1024]).
	size mismatch for backbone.model.blocks.10.norm2.weight: copying a param with shape torch.Size([768]) from checkpoint, the shape in current model is torch.Size([1024]).
	size mismatch for backbone.model.blocks.10.norm2.bias: copying a param with shape torch.Size([768]) from checkpoint, the shape in current model is torch.Size([1024]).
	size mismatch for backbone.model.blocks.10.mlp.fc1.weight: copying a param with shape torch.Size([3072, 768]) from checkpoint, the shape in current model is torch.Size([4096, 1024]).
	size mismatch for backbone.model.blocks.10.mlp.fc1.bias: copying a param with shape torch.Size([3072]) from checkpoint, the shape in current model is torch.Size([4096]).
	size mismatch for backbone.model.blocks.10.mlp.fc2.weight: copying a param with shape torch.Size([768, 3072]) from checkpoint, the shape in current model is torch.Size([1024, 4096]).
	size mismatch for backbone.model.blocks.10.mlp.fc2.bias: copying a param with shape torch.Size([768]) from checkpoint, the shape in current model is torch.Size([1024]).
	size mismatch for backbone.model.blocks.10.ls2.gamma: copying a param with shape torch.Size([768]) from checkpoint, the shape in current model is torch.Size([1024]).
	size mismatch for backbone.model.blocks.11.norm1.weight: copying a param with shape torch.Size([768]) from checkpoint, the shape in current model is torch.Size([1024]).
	size mismatch for backbone.model.blocks.11.norm1.bias: copying a param with shape torch.Size([768]) from checkpoint, the shape in current model is torch.Size([1024]).
	size mismatch for backbone.model.blocks.11.attn.q.weight: copying a param with shape torch.Size([768, 768]) from checkpoint, the shape in current model is torch.Size([1024, 1024]).
	size mismatch for backbone.model.blocks.11.attn.q.bias: copying a param with shape torch.Size([768]) from checkpoint, the shape in current model is torch.Size([1024]).
	size mismatch for backbone.model.blocks.11.attn.k.weight: copying a param with shape torch.Size([768, 768]) from checkpoint, the shape in current model is torch.Size([1024, 1024]).
	size mismatch for backbone.model.blocks.11.attn.k.bias: copying a param with shape torch.Size([768]) from checkpoint, the shape in current model is torch.Size([1024]).
	size mismatch for backbone.model.blocks.11.attn.v.weight: copying a param with shape torch.Size([768, 768]) from checkpoint, the shape in current model is torch.Size([1024, 1024]).
	size mismatch for backbone.model.blocks.11.attn.v.bias: copying a param with shape torch.Size([768]) from checkpoint, the shape in current model is torch.Size([1024]).
	size mismatch for backbone.model.blocks.11.attn.proj.weight: copying a param with shape torch.Size([768, 768]) from checkpoint, the shape in current model is torch.Size([1024, 1024]).
	size mismatch for backbone.model.blocks.11.attn.proj.bias: copying a param with shape torch.Size([768]) from checkpoint, the shape in current model is torch.Size([1024]).
	size mismatch for backbone.model.blocks.11.ls1.gamma: copying a param with shape torch.Size([768]) from checkpoint, the shape in current model is torch.Size([1024]).
	size mismatch for backbone.model.blocks.11.norm2.weight: copying a param with shape torch.Size([768]) from checkpoint, the shape in current model is torch.Size([1024]).
	size mismatch for backbone.model.blocks.11.norm2.bias: copying a param with shape torch.Size([768]) from checkpoint, the shape in current model is torch.Size([1024]).
	size mismatch for backbone.model.blocks.11.mlp.fc1.weight: copying a param with shape torch.Size([3072, 768]) from checkpoint, the shape in current model is torch.Size([4096, 1024]).
	size mismatch for backbone.model.blocks.11.mlp.fc1.bias: copying a param with shape torch.Size([3072]) from checkpoint, the shape in current model is torch.Size([4096]).
	size mismatch for backbone.model.blocks.11.mlp.fc2.weight: copying a param with shape torch.Size([768, 3072]) from checkpoint, the shape in current model is torch.Size([1024, 4096]).
	size mismatch for backbone.model.blocks.11.mlp.fc2.bias: copying a param with shape torch.Size([768]) from checkpoint, the shape in current model is torch.Size([1024]).
	size mismatch for backbone.model.blocks.11.ls2.gamma: copying a param with shape torch.Size([768]) from checkpoint, the shape in current model is torch.Size([1024]).
	size mismatch for backbone.model.norm.weight: copying a param with shape torch.Size([768]) from checkpoint, the shape in current model is torch.Size([1024]).
	size mismatch for backbone.model.norm.bias: copying a param with shape torch.Size([768]) from checkpoint, the shape in current model is torch.Size([1024]).
	size mismatch for aggregation.centroids: copying a param with shape torch.Size([64, 768]) from checkpoint, the shape in current model is torch.Size([64, 1024]).
	size mismatch for aggregation.conv.weight: copying a param with shape torch.Size([64, 768, 1, 1]) from checkpoint, the shape in current model is torch.Size([64, 1024, 1, 1]).
	size mismatch for aggregation.feat_proj.weight: copying a param with shape torch.Size([128, 768]) from checkpoint, the shape in current model is torch.Size([128, 1024]).

